{"/home/travis/build/npmtest/node-npmtest-absurd/test.js":{"path":"/home/travis/build/npmtest/node-npmtest-absurd/test.js","s":{"1":2,"2":2,"3":2,"4":2,"5":2,"6":2,"7":2,"8":1,"9":2,"10":2,"11":1,"12":1,"13":1,"14":1,"15":2,"16":2,"17":2,"18":2,"19":1,"20":1,"21":2,"22":2,"23":2,"24":1,"25":1,"26":1,"27":1,"28":1,"29":1,"30":1,"31":1,"32":1,"33":1,"34":1,"35":1,"36":1,"37":1,"38":1,"39":2,"40":2,"41":1,"42":2,"43":2,"44":1,"45":2,"46":2,"47":1,"48":2,"49":2,"50":1,"51":1,"52":1,"53":1,"54":1},"b":{"1":[2,1,1,1],"2":[1,1,1,1],"3":[1,1],"4":[1,1],"5":[1,1],"6":[1,1],"7":[1,1],"8":[1,1],"9":[1,1],"10":[1,1,1],"11":[1,1],"12":[1,1],"13":[1,1],"14":[1,1],"15":[1,1],"16":[1,1],"17":[1,1]},"f":{"1":2,"2":2,"3":2,"4":2,"5":2,"6":1,"7":1,"8":1,"9":2,"10":2,"11":2,"12":2,"13":1},"fnMap":{"1":{"name":"(anonymous_1)","line":12,"loc":{"start":{"line":12,"column":1},"end":{"line":12,"column":13}}},"2":{"name":"(anonymous_2)","line":19,"loc":{"start":{"line":19,"column":5},"end":{"line":19,"column":17}}},"3":{"name":"(anonymous_3)","line":23,"loc":{"start":{"line":23,"column":24},"end":{"line":23,"column":36}}},"4":{"name":"(anonymous_4)","line":61,"loc":{"start":{"line":61,"column":5},"end":{"line":61,"column":17}}},"5":{"name":"(anonymous_5)","line":82,"loc":{"start":{"line":82,"column":5},"end":{"line":82,"column":17}}},"6":{"name":"(anonymous_6)","line":91,"loc":{"start":{"line":91,"column":77},"end":{"line":94,"column":10}}},"7":{"name":"(anonymous_7)","line":112,"loc":{"start":{"line":112,"column":83},"end":{"line":115,"column":10}},"skip":true},"8":{"name":"(anonymous_8)","line":123,"loc":{"start":{"line":123,"column":77},"end":{"line":126,"column":10}},"skip":true},"9":{"name":"(anonymous_9)","line":139,"loc":{"start":{"line":139,"column":12},"end":{"line":139,"column":40}},"skip":true},"10":{"name":"(anonymous_10)","line":147,"loc":{"start":{"line":147,"column":77},"end":{"line":150,"column":10}},"skip":true},"11":{"name":"(anonymous_11)","line":158,"loc":{"start":{"line":158,"column":83},"end":{"line":161,"column":10}},"skip":true},"12":{"name":"(anonymous_12)","line":169,"loc":{"start":{"line":169,"column":79},"end":{"line":172,"column":10}},"skip":true},"13":{"name":"(anonymous_13)","line":180,"loc":{"start":{"line":180,"column":75},"end":{"line":183,"column":10}},"skip":true}},"statementMap":{"1":{"start":{"line":12,"column":0},"end":{"line":195,"column":5}},"2":{"start":{"line":14,"column":4},"end":{"line":14,"column":14}},"3":{"start":{"line":19,"column":4},"end":{"line":56,"column":9}},"4":{"start":{"line":21,"column":8},"end":{"line":21,"column":19}},"5":{"start":{"line":23,"column":8},"end":{"line":35,"column":13}},"6":{"start":{"line":24,"column":12},"end":{"line":34,"column":13}},"7":{"start":{"line":25,"column":16},"end":{"line":28,"column":30}},"8":{"start":{"line":30,"column":16},"end":{"line":33,"column":27}},"9":{"start":{"line":37,"column":8},"end":{"line":39,"column":21}},"10":{"start":{"line":40,"column":8},"end":{"line":53,"column":9}},"11":{"start":{"line":43,"column":12},"end":{"line":46,"column":14}},"12":{"start":{"line":47,"column":12},"end":{"line":47,"column":18}},"13":{"start":{"line":50,"column":12},"end":{"line":51,"column":46}},"14":{"start":{"line":52,"column":12},"end":{"line":52,"column":18}},"15":{"start":{"line":55,"column":8},"end":{"line":55,"column":35}},"16":{"start":{"line":61,"column":4},"end":{"line":63,"column":9}},"17":{"start":{"line":62,"column":8},"end":{"line":62,"column":15}},"18":{"start":{"line":64,"column":4},"end":{"line":77,"column":5}},"19":{"start":{"line":70,"column":8},"end":{"line":70,"column":14}},"20":{"start":{"line":76,"column":8},"end":{"line":76,"column":14}},"21":{"start":{"line":82,"column":4},"end":{"line":84,"column":9}},"22":{"start":{"line":83,"column":8},"end":{"line":83,"column":15}},"23":{"start":{"line":85,"column":4},"end":{"line":194,"column":5}},"24":{"start":{"line":91,"column":8},"end":{"line":99,"column":10}},"25":{"start":{"line":98,"column":12},"end":{"line":98,"column":35}},"26":{"start":{"line":102,"column":8},"end":{"line":104,"column":63}},"27":{"start":{"line":105,"column":8},"end":{"line":105,"column":14}},"28":{"start":{"line":112,"column":8},"end":{"line":121,"column":10},"skip":true},"29":{"start":{"line":119,"column":12},"end":{"line":119,"column":55},"skip":true},"30":{"start":{"line":120,"column":12},"end":{"line":120,"column":48},"skip":true},"31":{"start":{"line":123,"column":8},"end":{"line":136,"column":10},"skip":true},"32":{"start":{"line":130,"column":12},"end":{"line":130,"column":76},"skip":true},"33":{"start":{"line":131,"column":12},"end":{"line":131,"column":73},"skip":true},"34":{"start":{"line":132,"column":12},"end":{"line":132,"column":74},"skip":true},"35":{"start":{"line":133,"column":12},"end":{"line":133,"column":79},"skip":true},"36":{"start":{"line":134,"column":12},"end":{"line":134,"column":25},"skip":true},"37":{"start":{"line":135,"column":12},"end":{"line":135,"column":45},"skip":true},"38":{"start":{"line":138,"column":8},"end":{"line":145,"column":14},"skip":true},"39":{"start":{"line":143,"column":16},"end":{"line":143,"column":29},"skip":true},"40":{"start":{"line":144,"column":16},"end":{"line":144,"column":55},"skip":true},"41":{"start":{"line":147,"column":8},"end":{"line":156,"column":10},"skip":true},"42":{"start":{"line":154,"column":12},"end":{"line":154,"column":25},"skip":true},"43":{"start":{"line":155,"column":12},"end":{"line":155,"column":45},"skip":true},"44":{"start":{"line":158,"column":8},"end":{"line":167,"column":10},"skip":true},"45":{"start":{"line":165,"column":12},"end":{"line":165,"column":25},"skip":true},"46":{"start":{"line":166,"column":12},"end":{"line":166,"column":48},"skip":true},"47":{"start":{"line":169,"column":8},"end":{"line":178,"column":10},"skip":true},"48":{"start":{"line":176,"column":12},"end":{"line":176,"column":25},"skip":true},"49":{"start":{"line":177,"column":12},"end":{"line":177,"column":46},"skip":true},"50":{"start":{"line":180,"column":8},"end":{"line":189,"column":10},"skip":true},"51":{"start":{"line":187,"column":12},"end":{"line":187,"column":94},"skip":true},"52":{"start":{"line":188,"column":12},"end":{"line":188,"column":48},"skip":true},"53":{"start":{"line":192,"column":8},"end":{"line":192,"column":35},"skip":true},"54":{"start":{"line":193,"column":8},"end":{"line":193,"column":14},"skip":true}},"branchMap":{"1":{"line":25,"type":"binary-expr","locations":[{"start":{"line":25,"column":23},"end":{"line":25,"column":62}},{"start":{"line":26,"column":20},"end":{"line":26,"column":70}},{"start":{"line":27,"column":20},"end":{"line":27,"column":71}},{"start":{"line":28,"column":20},"end":{"line":28,"column":29}}]},"2":{"line":30,"type":"binary-expr","locations":[{"start":{"line":30,"column":23},"end":{"line":30,"column":37}},{"start":{"line":31,"column":20},"end":{"line":31,"column":61}},{"start":{"line":32,"column":20},"end":{"line":32,"column":70}},{"start":{"line":33,"column":20},"end":{"line":33,"column":26}}]},"3":{"line":37,"type":"cond-expr","locations":[{"start":{"line":38,"column":14},"end":{"line":38,"column":20}},{"start":{"line":39,"column":14},"end":{"line":39,"column":20}}]},"4":{"line":40,"type":"switch","locations":[{"start":{"line":42,"column":8},"end":{"line":47,"column":18}},{"start":{"line":49,"column":8},"end":{"line":52,"column":18}}]},"5":{"line":44,"type":"binary-expr","locations":[{"start":{"line":44,"column":16},"end":{"line":44,"column":44}},{"start":{"line":44,"column":48},"end":{"line":44,"column":66}}]},"6":{"line":50,"type":"binary-expr","locations":[{"start":{"line":50,"column":21},"end":{"line":50,"column":49}},{"start":{"line":50,"column":53},"end":{"line":50,"column":72}}]},"7":{"line":64,"type":"switch","locations":[{"start":{"line":69,"column":4},"end":{"line":70,"column":14}},{"start":{"line":75,"column":4},"end":{"line":76,"column":14}}]},"8":{"line":85,"type":"switch","locations":[{"start":{"line":90,"column":4},"end":{"line":105,"column":14}},{"start":{"line":111,"column":4},"end":{"line":193,"column":14},"skip":true}]},"9":{"line":91,"type":"binary-expr","locations":[{"start":{"line":91,"column":42},"end":{"line":91,"column":73}},{"start":{"line":91,"column":77},"end":{"line":99,"column":9}}]},"10":{"line":102,"type":"binary-expr","locations":[{"start":{"line":102,"column":18},"end":{"line":102,"column":32}},{"start":{"line":103,"column":12},"end":{"line":103,"column":53}},{"start":{"line":104,"column":12},"end":{"line":104,"column":61}}]},"11":{"line":112,"type":"binary-expr","locations":[{"start":{"line":112,"column":45},"end":{"line":112,"column":79},"skip":true},{"start":{"line":112,"column":83},"end":{"line":121,"column":9},"skip":true}]},"12":{"line":123,"type":"binary-expr","locations":[{"start":{"line":123,"column":42},"end":{"line":123,"column":73},"skip":true},{"start":{"line":123,"column":77},"end":{"line":136,"column":9},"skip":true}]},"13":{"line":138,"type":"binary-expr","locations":[{"start":{"line":138,"column":48},"end":{"line":138,"column":85},"skip":true},{"start":{"line":139,"column":12},"end":{"line":145,"column":13},"skip":true}]},"14":{"line":147,"type":"binary-expr","locations":[{"start":{"line":147,"column":42},"end":{"line":147,"column":73},"skip":true},{"start":{"line":147,"column":77},"end":{"line":156,"column":9},"skip":true}]},"15":{"line":158,"type":"binary-expr","locations":[{"start":{"line":158,"column":45},"end":{"line":158,"column":79},"skip":true},{"start":{"line":158,"column":83},"end":{"line":167,"column":9},"skip":true}]},"16":{"line":169,"type":"binary-expr","locations":[{"start":{"line":169,"column":43},"end":{"line":169,"column":75},"skip":true},{"start":{"line":169,"column":79},"end":{"line":178,"column":9},"skip":true}]},"17":{"line":180,"type":"binary-expr","locations":[{"start":{"line":180,"column":41},"end":{"line":180,"column":71},"skip":true},{"start":{"line":180,"column":75},"end":{"line":189,"column":9},"skip":true}]}},"code":["/* istanbul instrument in package npmtest_absurd */","/*jslint","    bitwise: true,","    browser: true,","    maxerr: 8,","    maxlen: 96,","    node: true,","    nomen: true,","    regexp: true,","    stupid: true","*/","(function () {","    'use strict';","    var local;","","","","    // run shared js-env code - pre-init","    (function () {","        // init local","        local = {};","        // init modeJs","        local.modeJs = (function () {","            try {","                return typeof navigator.userAgent === 'string' &&","                    typeof document.querySelector('body') === 'object' &&","                    typeof XMLHttpRequest.prototype.open === 'function' &&","                    'browser';","            } catch (errorCaughtBrowser) {","                return module.exports &&","                    typeof process.versions.node === 'string' &&","                    typeof require('http').createServer === 'function' &&","                    'node';","            }","        }());","        // init global","        local.global = local.modeJs === 'browser'","            ? window","            : global;","        switch (local.modeJs) {","        // re-init local from window.local","        case 'browser':","            local = local.global.utility2.objectSetDefault(","                local.global.utility2_rollup || local.global.local,","                local.global.utility2","            );","            break;","        // re-init local from example.js","        case 'node':","            local = (local.global.utility2_rollup || require('utility2'))","                .requireExampleJsFromReadme();","            break;","        }","        // export local","        local.global.local = local;","    }());","","","","    // run shared js-env code - function","    (function () {","        return;","    }());","    switch (local.modeJs) {","","","","    // run browser js-env code - function","    case 'browser':","        break;","","","","    // run node js-env code - function","    case 'node':","        break;","    }","","","","    // run shared js-env code - post-init","    (function () {","        return;","    }());","    switch (local.modeJs) {","","","","    // run browser js-env code - post-init","    case 'browser':","        local.testCase_browser_nullCase = local.testCase_browser_nullCase || function (","            options,","            onError","        ) {","        /*","         * this function will test browsers's null-case handling-behavior-behavior","         */","            onError(null, options);","        };","","        // run tests","        local.nop(local.modeTest &&","            document.querySelector('#testRunButton1') &&","            document.querySelector('#testRunButton1').click());","        break;","","","","    // run node js-env code - post-init","    /* istanbul ignore next */","    case 'node':","        local.testCase_buildApidoc_default = local.testCase_buildApidoc_default || function (","            options,","            onError","        ) {","        /*","         * this function will test buildApidoc's default handling-behavior-behavior","         */","            options = { modulePathList: module.paths };","            local.buildApidoc(options, onError);","        };","","        local.testCase_buildApp_default = local.testCase_buildApp_default || function (","            options,","            onError","        ) {","        /*","         * this function will test buildApp's default handling-behavior-behavior","         */","            local.testCase_buildReadme_default(options, local.onErrorThrow);","            local.testCase_buildLib_default(options, local.onErrorThrow);","            local.testCase_buildTest_default(options, local.onErrorThrow);","            local.testCase_buildCustomOrg_default(options, local.onErrorThrow);","            options = [];","            local.buildApp(options, onError);","        };","","        local.testCase_buildCustomOrg_default = local.testCase_buildCustomOrg_default ||","            function (options, onError) {","            /*","             * this function will test buildCustomOrg's default handling-behavior","             */","                options = {};","                local.buildCustomOrg(options, onError);","            };","","        local.testCase_buildLib_default = local.testCase_buildLib_default || function (","            options,","            onError","        ) {","        /*","         * this function will test buildLib's default handling-behavior","         */","            options = {};","            local.buildLib(options, onError);","        };","","        local.testCase_buildReadme_default = local.testCase_buildReadme_default || function (","            options,","            onError","        ) {","        /*","         * this function will test buildReadme's default handling-behavior-behavior","         */","            options = {};","            local.buildReadme(options, onError);","        };","","        local.testCase_buildTest_default = local.testCase_buildTest_default || function (","            options,","            onError","        ) {","        /*","         * this function will test buildTest's default handling-behavior","         */","            options = {};","            local.buildTest(options, onError);","        };","","        local.testCase_webpage_default = local.testCase_webpage_default || function (","            options,","            onError","        ) {","        /*","         * this function will test webpage's default handling-behavior","         */","            options = { modeCoverageMerge: true, url: local.serverLocalHost + '?modeTest=1' };","            local.browserTest(options, onError);","        };","","        // run test-server","        local.testRunServer(local);","        break;","    }","}());",""],"l":{"12":2,"14":2,"19":2,"21":2,"23":2,"24":2,"25":2,"30":1,"37":2,"40":2,"43":1,"47":1,"50":1,"52":1,"55":2,"61":2,"62":2,"64":2,"70":1,"76":1,"82":2,"83":2,"85":2,"91":1,"98":1,"102":1,"105":1,"112":1,"119":1,"120":1,"123":1,"130":1,"131":1,"132":1,"133":1,"134":1,"135":1,"138":1,"143":2,"144":2,"147":1,"154":2,"155":2,"158":1,"165":2,"166":2,"169":1,"176":2,"177":2,"180":1,"187":1,"188":1,"192":1,"193":1}},"/home/travis/build/npmtest/node-npmtest-absurd/lib.npmtest_absurd.js":{"path":"/home/travis/build/npmtest/node-npmtest-absurd/lib.npmtest_absurd.js","s":{"1":2,"2":2,"3":2,"4":2,"5":2,"6":2,"7":2,"8":1,"9":2,"10":2,"11":2,"12":2,"13":1,"14":1,"15":1,"16":1},"b":{"1":[2,1,1,1],"2":[1,1,1,1],"3":[1,1],"4":[2,2],"5":[1,1]},"f":{"1":2,"2":2,"3":2},"fnMap":{"1":{"name":"(anonymous_1)","line":12,"loc":{"start":{"line":12,"column":1},"end":{"line":12,"column":13}}},"2":{"name":"(anonymous_2)","line":19,"loc":{"start":{"line":19,"column":5},"end":{"line":19,"column":17}}},"3":{"name":"(anonymous_3)","line":23,"loc":{"start":{"line":23,"column":24},"end":{"line":23,"column":36}}}},"statementMap":{"1":{"start":{"line":12,"column":0},"end":{"line":53,"column":5}},"2":{"start":{"line":14,"column":4},"end":{"line":14,"column":14}},"3":{"start":{"line":19,"column":4},"end":{"line":52,"column":9}},"4":{"start":{"line":21,"column":8},"end":{"line":21,"column":19}},"5":{"start":{"line":23,"column":8},"end":{"line":35,"column":13}},"6":{"start":{"line":24,"column":12},"end":{"line":34,"column":13}},"7":{"start":{"line":25,"column":16},"end":{"line":28,"column":30}},"8":{"start":{"line":30,"column":16},"end":{"line":33,"column":27}},"9":{"start":{"line":37,"column":8},"end":{"line":39,"column":21}},"10":{"start":{"line":41,"column":8},"end":{"line":41,"column":54}},"11":{"start":{"line":43,"column":8},"end":{"line":43,"column":51}},"12":{"start":{"line":45,"column":8},"end":{"line":51,"column":9}},"13":{"start":{"line":46,"column":12},"end":{"line":46,"column":57}},"14":{"start":{"line":48,"column":12},"end":{"line":48,"column":35}},"15":{"start":{"line":49,"column":12},"end":{"line":49,"column":49}},"16":{"start":{"line":50,"column":12},"end":{"line":50,"column":43}}},"branchMap":{"1":{"line":25,"type":"binary-expr","locations":[{"start":{"line":25,"column":23},"end":{"line":25,"column":62}},{"start":{"line":26,"column":20},"end":{"line":26,"column":70}},{"start":{"line":27,"column":20},"end":{"line":27,"column":71}},{"start":{"line":28,"column":20},"end":{"line":28,"column":29}}]},"2":{"line":30,"type":"binary-expr","locations":[{"start":{"line":30,"column":23},"end":{"line":30,"column":37}},{"start":{"line":31,"column":20},"end":{"line":31,"column":61}},{"start":{"line":32,"column":20},"end":{"line":32,"column":70}},{"start":{"line":33,"column":20},"end":{"line":33,"column":26}}]},"3":{"line":37,"type":"cond-expr","locations":[{"start":{"line":38,"column":14},"end":{"line":38,"column":20}},{"start":{"line":39,"column":14},"end":{"line":39,"column":20}}]},"4":{"line":41,"type":"binary-expr","locations":[{"start":{"line":41,"column":16},"end":{"line":41,"column":44}},{"start":{"line":41,"column":48},"end":{"line":41,"column":53}}]},"5":{"line":45,"type":"if","locations":[{"start":{"line":45,"column":8},"end":{"line":45,"column":8}},{"start":{"line":45,"column":8},"end":{"line":45,"column":8}}]}},"code":["/* istanbul instrument in package npmtest_absurd */","/*jslint","    bitwise: true,","    browser: true,","    maxerr: 8,","    maxlen: 96,","    node: true,","    nomen: true,","    regexp: true,","    stupid: true","*/","(function () {","    'use strict';","    var local;","","","","    // run shared js-env code - pre-init","    (function () {","        // init local","        local = {};","        // init modeJs","        local.modeJs = (function () {","            try {","                return typeof navigator.userAgent === 'string' &&","                    typeof document.querySelector('body') === 'object' &&","                    typeof XMLHttpRequest.prototype.open === 'function' &&","                    'browser';","            } catch (errorCaughtBrowser) {","                return module.exports &&","                    typeof process.versions.node === 'string' &&","                    typeof require('http').createServer === 'function' &&","                    'node';","            }","        }());","        // init global","        local.global = local.modeJs === 'browser'","            ? window","            : global;","        // init utility2_rollup","        local = local.global.utility2_rollup || local;","        // init lib","        local.local = local.npmtest_absurd = local;","        // init exports","        if (local.modeJs === 'browser') {","            local.global.utility2_npmtest_absurd = local;","        } else {","            module.exports = local;","            module.exports.__dirname = __dirname;","            module.exports.module = module;","        }","    }());","}());",""],"l":{"12":2,"14":2,"19":2,"21":2,"23":2,"24":2,"25":2,"30":1,"37":2,"41":2,"43":2,"45":2,"46":1,"48":1,"49":1,"50":1}},"/home/travis/build/npmtest/node-npmtest-absurd/example.js":{"path":"/home/travis/build/npmtest/node-npmtest-absurd/example.js","s":{"1":2,"2":2,"3":2,"4":2,"5":2,"6":2,"7":2,"8":1,"9":2,"10":2,"11":2,"12":2,"13":1,"14":2,"15":2,"16":2,"17":2,"18":2,"19":0,"20":2,"21":1,"22":1,"23":1,"24":1,"25":1,"26":0,"27":0,"28":1,"29":1,"30":2,"31":0,"32":0,"33":0,"34":1,"35":2,"36":2,"37":3,"38":3,"39":3,"40":3,"41":0,"42":3,"43":3,"44":3,"45":1,"46":3,"47":1,"48":1,"49":1,"50":1,"51":1,"52":1,"53":1,"54":1,"55":1,"56":1,"57":0,"58":1,"59":6,"60":6,"61":1,"62":2,"63":0,"64":2,"65":1,"66":1,"67":0,"68":0,"69":0,"70":0,"71":0,"72":0,"73":0,"74":0,"75":0,"76":0,"77":0,"78":0,"79":0,"80":0,"81":0,"82":0,"83":0},"b":{"1":[2,1,1,1],"2":[1,1,1,1],"3":[1,1],"4":[2,2],"5":[1,1],"6":[1,1],"7":[2,0],"8":[2,1,1,1,1,1],"9":[0,2,0],"10":[1,1],"11":[2,1,1],"12":[1,0],"13":[0,2],"14":[2,0,0,0,0,0,0],"15":[0,3],"16":[3,0],"17":[1,1],"18":[0,1],"19":[1,2,0,2],"20":[1,0],"21":[1,1],"22":[0,0],"23":[0,0],"24":[0,0],"25":[0,0],"26":[0,0],"27":[0,0],"28":[0,0]},"f":{"1":2,"2":2,"3":2,"4":2,"5":2,"6":2,"7":3,"8":3,"9":3,"10":1,"11":6,"12":0},"fnMap":{"1":{"name":"(anonymous_1)","line":26,"loc":{"start":{"line":26,"column":1},"end":{"line":26,"column":13}}},"2":{"name":"(anonymous_2)","line":33,"loc":{"start":{"line":33,"column":5},"end":{"line":33,"column":17}}},"3":{"name":"(anonymous_3)","line":37,"loc":{"start":{"line":37,"column":24},"end":{"line":37,"column":36}}},"4":{"name":"(anonymous_4)","line":69,"loc":{"start":{"line":69,"column":31},"end":{"line":69,"column":48}},"skip":true},"5":{"name":"(anonymous_5)","line":78,"loc":{"start":{"line":78,"column":26},"end":{"line":78,"column":45}},"skip":true},"6":{"name":"(anonymous_6)","line":123,"loc":{"start":{"line":123,"column":33},"end":{"line":123,"column":48}},"skip":true},"7":{"name":"(anonymous_7)","line":125,"loc":{"start":{"line":125,"column":27},"end":{"line":125,"column":39}},"skip":true},"8":{"name":"(anonymous_8)","line":133,"loc":{"start":{"line":133,"column":59},"end":{"line":133,"column":74}},"skip":true},"9":{"name":"(anonymous_9)","line":143,"loc":{"start":{"line":143,"column":45},"end":{"line":143,"column":62}},"skip":true},"10":{"name":"(anonymous_10)","line":144,"loc":{"start":{"line":144,"column":73},"end":{"line":144,"column":92}},"skip":true},"11":{"name":"(anonymous_11)","line":272,"loc":{"start":{"line":272,"column":51},"end":{"line":272,"column":77}},"skip":true},"12":{"name":"(anonymous_12)","line":315,"loc":{"start":{"line":315,"column":32},"end":{"line":315,"column":61}},"skip":true}},"statementMap":{"1":{"start":{"line":26,"column":0},"end":{"line":326,"column":5}},"2":{"start":{"line":28,"column":4},"end":{"line":28,"column":14}},"3":{"start":{"line":33,"column":4},"end":{"line":60,"column":9}},"4":{"start":{"line":35,"column":8},"end":{"line":35,"column":19}},"5":{"start":{"line":37,"column":8},"end":{"line":49,"column":13}},"6":{"start":{"line":38,"column":12},"end":{"line":48,"column":13}},"7":{"start":{"line":39,"column":16},"end":{"line":42,"column":30}},"8":{"start":{"line":44,"column":16},"end":{"line":47,"column":27}},"9":{"start":{"line":51,"column":8},"end":{"line":53,"column":21}},"10":{"start":{"line":55,"column":8},"end":{"line":57,"column":45}},"11":{"start":{"line":59,"column":8},"end":{"line":59,"column":35}},"12":{"start":{"line":61,"column":4},"end":{"line":325,"column":5}},"13":{"start":{"line":69,"column":8},"end":{"line":121,"column":10},"skip":true},"14":{"start":{"line":70,"column":12},"end":{"line":88,"column":13},"skip":true},"15":{"start":{"line":76,"column":16},"end":{"line":87,"column":19},"skip":true},"16":{"start":{"line":79,"column":20},"end":{"line":86,"column":21},"skip":true},"17":{"start":{"line":82,"column":24},"end":{"line":82,"column":43},"skip":true},"18":{"start":{"line":83,"column":24},"end":{"line":83,"column":30},"skip":true},"19":{"start":{"line":85,"column":24},"end":{"line":85,"column":49},"skip":true},"20":{"start":{"line":89,"column":12},"end":{"line":107,"column":13},"skip":true},"21":{"start":{"line":92,"column":16},"end":{"line":102,"column":17},"skip":true},"22":{"start":{"line":93,"column":20},"end":{"line":93,"column":86},"skip":true},"23":{"start":{"line":94,"column":20},"end":{"line":95,"column":45},"skip":true},"24":{"start":{"line":96,"column":20},"end":{"line":96,"column":42},"skip":true},"25":{"start":{"line":97,"column":20},"end":{"line":97,"column":48},"skip":true},"26":{"start":{"line":100,"column":20},"end":{"line":100,"column":85},"skip":true},"27":{"start":{"line":101,"column":20},"end":{"line":101,"column":96},"skip":true},"28":{"start":{"line":103,"column":16},"end":{"line":103,"column":22},"skip":true},"29":{"start":{"line":106,"column":16},"end":{"line":106,"column":22},"skip":true},"30":{"start":{"line":108,"column":12},"end":{"line":120,"column":13},"skip":true},"31":{"start":{"line":114,"column":16},"end":{"line":119,"column":17},"skip":true},"32":{"start":{"line":116,"column":20},"end":{"line":116,"column":78},"skip":true},"33":{"start":{"line":118,"column":20},"end":{"line":118,"column":47},"skip":true},"34":{"start":{"line":123,"column":8},"end":{"line":141,"column":11},"skip":true},"35":{"start":{"line":124,"column":12},"end":{"line":124,"column":54},"skip":true},"36":{"start":{"line":125,"column":12},"end":{"line":140,"column":14},"skip":true},"37":{"start":{"line":126,"column":16},"end":{"line":126,"column":28},"skip":true},"38":{"start":{"line":127,"column":16},"end":{"line":127,"column":69},"skip":true},"39":{"start":{"line":128,"column":16},"end":{"line":128,"column":75},"skip":true},"40":{"start":{"line":129,"column":16},"end":{"line":131,"column":17},"skip":true},"41":{"start":{"line":130,"column":20},"end":{"line":130,"column":27},"skip":true},"42":{"start":{"line":133,"column":16},"end":{"line":137,"column":36},"skip":true},"43":{"start":{"line":134,"column":20},"end":{"line":136,"column":55},"skip":true},"44":{"start":{"line":139,"column":16},"end":{"line":139,"column":57},"skip":true},"45":{"start":{"line":143,"column":8},"end":{"line":147,"column":11},"skip":true},"46":{"start":{"line":144,"column":12},"end":{"line":146,"column":15},"skip":true},"47":{"start":{"line":145,"column":16},"end":{"line":145,"column":70},"skip":true},"48":{"start":{"line":149,"column":8},"end":{"line":149,"column":31},"skip":true},"49":{"start":{"line":150,"column":8},"end":{"line":150,"column":14},"skip":true},"50":{"start":{"line":158,"column":8},"end":{"line":158,"column":31},"skip":true},"51":{"start":{"line":160,"column":8},"end":{"line":160,"column":33},"skip":true},"52":{"start":{"line":161,"column":8},"end":{"line":161,"column":37},"skip":true},"53":{"start":{"line":162,"column":8},"end":{"line":162,"column":35},"skip":true},"54":{"start":{"line":164,"column":8},"end":{"line":164,"column":50},"skip":true},"55":{"start":{"line":166,"column":8},"end":{"line":256,"column":2},"skip":true},"56":{"start":{"line":258,"column":8},"end":{"line":286,"column":9},"skip":true},"57":{"start":{"line":259,"column":12},"end":{"line":269,"column":14},"skip":true},"58":{"start":{"line":271,"column":12},"end":{"line":285,"column":19},"skip":true},"59":{"start":{"line":274,"column":20},"end":{"line":274,"column":35},"skip":true},"60":{"start":{"line":275,"column":20},"end":{"line":284,"column":21},"skip":true},"61":{"start":{"line":277,"column":24},"end":{"line":277,"column":64},"skip":true},"62":{"start":{"line":279,"column":24},"end":{"line":279,"column":40},"skip":true},"63":{"start":{"line":281,"column":24},"end":{"line":281,"column":40},"skip":true},"64":{"start":{"line":283,"column":24},"end":{"line":283,"column":39},"skip":true},"65":{"start":{"line":288,"column":8},"end":{"line":290,"column":9},"skip":true},"66":{"start":{"line":289,"column":12},"end":{"line":289,"column":18},"skip":true},"67":{"start":{"line":291,"column":8},"end":{"line":293,"column":54},"skip":true},"68":{"start":{"line":296,"column":8},"end":{"line":301,"column":37},"skip":true},"69":{"start":{"line":303,"column":8},"end":{"line":303,"column":82},"skip":true},"70":{"start":{"line":306,"column":8},"end":{"line":308,"column":9},"skip":true},"71":{"start":{"line":307,"column":12},"end":{"line":307,"column":82},"skip":true},"72":{"start":{"line":310,"column":8},"end":{"line":312,"column":9},"skip":true},"73":{"start":{"line":311,"column":12},"end":{"line":311,"column":18},"skip":true},"74":{"start":{"line":313,"column":8},"end":{"line":313,"column":54},"skip":true},"75":{"start":{"line":314,"column":8},"end":{"line":314,"column":69},"skip":true},"76":{"start":{"line":315,"column":8},"end":{"line":323,"column":36},"skip":true},"77":{"start":{"line":316,"column":12},"end":{"line":316,"column":61},"skip":true},"78":{"start":{"line":317,"column":12},"end":{"line":320,"column":13},"skip":true},"79":{"start":{"line":318,"column":16},"end":{"line":318,"column":75},"skip":true},"80":{"start":{"line":319,"column":16},"end":{"line":319,"column":23},"skip":true},"81":{"start":{"line":321,"column":12},"end":{"line":321,"column":38},"skip":true},"82":{"start":{"line":322,"column":12},"end":{"line":322,"column":27},"skip":true},"83":{"start":{"line":324,"column":8},"end":{"line":324,"column":14},"skip":true}},"branchMap":{"1":{"line":39,"type":"binary-expr","locations":[{"start":{"line":39,"column":23},"end":{"line":39,"column":62}},{"start":{"line":40,"column":20},"end":{"line":40,"column":70}},{"start":{"line":41,"column":20},"end":{"line":41,"column":71}},{"start":{"line":42,"column":20},"end":{"line":42,"column":29}}]},"2":{"line":44,"type":"binary-expr","locations":[{"start":{"line":44,"column":23},"end":{"line":44,"column":37}},{"start":{"line":45,"column":20},"end":{"line":45,"column":61}},{"start":{"line":46,"column":20},"end":{"line":46,"column":70}},{"start":{"line":47,"column":20},"end":{"line":47,"column":26}}]},"3":{"line":51,"type":"cond-expr","locations":[{"start":{"line":52,"column":14},"end":{"line":52,"column":20}},{"start":{"line":53,"column":14},"end":{"line":53,"column":20}}]},"4":{"line":55,"type":"binary-expr","locations":[{"start":{"line":55,"column":16},"end":{"line":55,"column":44}},{"start":{"line":55,"column":49},"end":{"line":57,"column":43}}]},"5":{"line":55,"type":"cond-expr","locations":[{"start":{"line":56,"column":14},"end":{"line":56,"column":50}},{"start":{"line":57,"column":14},"end":{"line":57,"column":43}}]},"6":{"line":61,"type":"switch","locations":[{"start":{"line":68,"column":4},"end":{"line":150,"column":14},"skip":true},{"start":{"line":156,"column":4},"end":{"line":324,"column":14},"skip":true}]},"7":{"line":70,"type":"if","locations":[{"start":{"line":70,"column":12},"end":{"line":70,"column":12},"skip":true},{"start":{"line":70,"column":12},"end":{"line":70,"column":12},"skip":true}]},"8":{"line":70,"type":"binary-expr","locations":[{"start":{"line":70,"column":16},"end":{"line":70,"column":22},"skip":true},{"start":{"line":70,"column":27},"end":{"line":70,"column":32},"skip":true},{"start":{"line":71,"column":20},"end":{"line":71,"column":39},"skip":true},{"start":{"line":72,"column":20},"end":{"line":72,"column":49},"skip":true},{"start":{"line":73,"column":20},"end":{"line":73,"column":58},"skip":true},{"start":{"line":74,"column":20},"end":{"line":74,"column":69},"skip":true}]},"9":{"line":79,"type":"switch","locations":[{"start":{"line":80,"column":20},"end":{"line":80,"column":33},"skip":true},{"start":{"line":81,"column":20},"end":{"line":83,"column":30},"skip":true},{"start":{"line":84,"column":20},"end":{"line":85,"column":49},"skip":true}]},"10":{"line":89,"type":"switch","locations":[{"start":{"line":90,"column":12},"end":{"line":103,"column":22},"skip":true},{"start":{"line":105,"column":12},"end":{"line":106,"column":22},"skip":true}]},"11":{"line":89,"type":"binary-expr","locations":[{"start":{"line":89,"column":20},"end":{"line":89,"column":25},"skip":true},{"start":{"line":89,"column":29},"end":{"line":89,"column":48},"skip":true},{"start":{"line":89,"column":52},"end":{"line":89,"column":74},"skip":true}]},"12":{"line":92,"type":"if","locations":[{"start":{"line":92,"column":16},"end":{"line":92,"column":16},"skip":true},{"start":{"line":92,"column":16},"end":{"line":92,"column":16},"skip":true}]},"13":{"line":108,"type":"if","locations":[{"start":{"line":108,"column":12},"end":{"line":108,"column":12},"skip":true},{"start":{"line":108,"column":12},"end":{"line":108,"column":12},"skip":true}]},"14":{"line":108,"type":"binary-expr","locations":[{"start":{"line":108,"column":16},"end":{"line":108,"column":61},"skip":true},{"start":{"line":108,"column":66},"end":{"line":108,"column":72},"skip":true},{"start":{"line":108,"column":77},"end":{"line":108,"column":82},"skip":true},{"start":{"line":109,"column":20},"end":{"line":109,"column":39},"skip":true},{"start":{"line":110,"column":20},"end":{"line":110,"column":49},"skip":true},{"start":{"line":111,"column":20},"end":{"line":111,"column":58},"skip":true},{"start":{"line":112,"column":20},"end":{"line":112,"column":68},"skip":true}]},"15":{"line":129,"type":"if","locations":[{"start":{"line":129,"column":16},"end":{"line":129,"column":16},"skip":true},{"start":{"line":129,"column":16},"end":{"line":129,"column":16},"skip":true}]},"16":{"line":134,"type":"cond-expr","locations":[{"start":{"line":135,"column":26},"end":{"line":135,"column":29},"skip":true},{"start":{"line":136,"column":26},"end":{"line":136,"column":54},"skip":true}]},"17":{"line":164,"type":"binary-expr","locations":[{"start":{"line":164,"column":27},"end":{"line":164,"column":43},"skip":true},{"start":{"line":164,"column":47},"end":{"line":164,"column":49},"skip":true}]},"18":{"line":258,"type":"if","locations":[{"start":{"line":258,"column":8},"end":{"line":258,"column":8},"skip":true},{"start":{"line":258,"column":8},"end":{"line":258,"column":8},"skip":true}]},"19":{"line":275,"type":"switch","locations":[{"start":{"line":276,"column":20},"end":{"line":277,"column":64},"skip":true},{"start":{"line":278,"column":20},"end":{"line":279,"column":40},"skip":true},{"start":{"line":280,"column":20},"end":{"line":281,"column":40},"skip":true},{"start":{"line":282,"column":20},"end":{"line":283,"column":39},"skip":true}]},"20":{"line":288,"type":"if","locations":[{"start":{"line":288,"column":8},"end":{"line":288,"column":8},"skip":true},{"start":{"line":288,"column":8},"end":{"line":288,"column":8},"skip":true}]},"21":{"line":288,"type":"binary-expr","locations":[{"start":{"line":288,"column":12},"end":{"line":288,"column":40},"skip":true},{"start":{"line":288,"column":44},"end":{"line":288,"column":67},"skip":true}]},"22":{"line":292,"type":"binary-expr","locations":[{"start":{"line":292,"column":12},"end":{"line":292,"column":50},"skip":true},{"start":{"line":293,"column":12},"end":{"line":293,"column":53},"skip":true}]},"23":{"line":297,"type":"binary-expr","locations":[{"start":{"line":297,"column":12},"end":{"line":297,"column":64},"skip":true},{"start":{"line":298,"column":12},"end":{"line":301,"column":36},"skip":true}]},"24":{"line":303,"type":"binary-expr","locations":[{"start":{"line":303,"column":43},"end":{"line":303,"column":75},"skip":true},{"start":{"line":303,"column":79},"end":{"line":303,"column":81},"skip":true}]},"25":{"line":306,"type":"if","locations":[{"start":{"line":306,"column":8},"end":{"line":306,"column":8},"skip":true},{"start":{"line":306,"column":8},"end":{"line":306,"column":8},"skip":true}]},"26":{"line":310,"type":"if","locations":[{"start":{"line":310,"column":8},"end":{"line":310,"column":8},"skip":true},{"start":{"line":310,"column":8},"end":{"line":310,"column":8},"skip":true}]},"27":{"line":313,"type":"binary-expr","locations":[{"start":{"line":313,"column":27},"end":{"line":313,"column":43},"skip":true},{"start":{"line":313,"column":47},"end":{"line":313,"column":53},"skip":true}]},"28":{"line":317,"type":"if","locations":[{"start":{"line":317,"column":12},"end":{"line":317,"column":12},"skip":true},{"start":{"line":317,"column":12},"end":{"line":317,"column":12},"skip":true}]}},"code":["/*","example.js","","quickstart example","","instruction","    1. save this script as example.js","    2. run the shell command:","        $ npm install npmtest-absurd && PORT=8081 node example.js","    3. play with the browser-demo on http://127.0.0.1:8081","*/","","","","/* istanbul instrument in package npmtest_absurd */","/*jslint","    bitwise: true,","    browser: true,","    maxerr: 8,","    maxlen: 96,","    node: true,","    nomen: true,","    regexp: true,","    stupid: true","*/","(function () {","    'use strict';","    var local;","","","","    // run shared js-env code - pre-init","    (function () {","        // init local","        local = {};","        // init modeJs","        local.modeJs = (function () {","            try {","                return typeof navigator.userAgent === 'string' &&","                    typeof document.querySelector('body') === 'object' &&","                    typeof XMLHttpRequest.prototype.open === 'function' &&","                    'browser';","            } catch (errorCaughtBrowser) {","                return module.exports &&","                    typeof process.versions.node === 'string' &&","                    typeof require('http').createServer === 'function' &&","                    'node';","            }","        }());","        // init global","        local.global = local.modeJs === 'browser'","            ? window","            : global;","        // init utility2_rollup","        local = local.global.utility2_rollup || (local.modeJs === 'browser'","            ? local.global.utility2_npmtest_absurd","            : global.utility2_moduleExports);","        // export local","        local.global.local = local;","    }());","    switch (local.modeJs) {","","","","    // post-init","    // run browser js-env code - post-init","    /* istanbul ignore next */","    case 'browser':","        local.testRunBrowser = function (event) {","            if (!event || (event &&","                    event.currentTarget &&","                    event.currentTarget.className &&","                    event.currentTarget.className.includes &&","                    event.currentTarget.className.includes('onreset'))) {","                // reset output","                Array.from(","                    document.querySelectorAll('body > .resettable')","                ).forEach(function (element) {","                    switch (element.tagName) {","                    case 'INPUT':","                    case 'TEXTAREA':","                        element.value = '';","                        break;","                    default:","                        element.textContent = '';","                    }","                });","            }","            switch (event && event.currentTarget && event.currentTarget.id) {","            case 'testRunButton1':","                // show tests","                if (document.querySelector('#testReportDiv1').style.display === 'none') {","                    document.querySelector('#testReportDiv1').style.display = 'block';","                    document.querySelector('#testRunButton1').textContent =","                        'hide internal test';","                    local.modeTest = true;","                    local.testRunDefault(local);","                // hide tests","                } else {","                    document.querySelector('#testReportDiv1').style.display = 'none';","                    document.querySelector('#testRunButton1').textContent = 'run internal test';","                }","                break;","            // custom-case","            default:","                break;","            }","            if (document.querySelector('#inputTextareaEval1') && (!event || (event &&","                    event.currentTarget &&","                    event.currentTarget.className &&","                    event.currentTarget.className.includes &&","                    event.currentTarget.className.includes('oneval')))) {","                // try to eval input-code","                try {","                    /*jslint evil: true*/","                    eval(document.querySelector('#inputTextareaEval1').value);","                } catch (errorCaught) {","                    console.error(errorCaught);","                }","            }","        };","        // log stderr and stdout to #outputTextareaStdout1","        ['error', 'log'].forEach(function (key) {","            console[key + '_original'] = console[key];","            console[key] = function () {","                var element;","                console[key + '_original'].apply(console, arguments);","                element = document.querySelector('#outputTextareaStdout1');","                if (!element) {","                    return;","                }","                // append text to #outputTextareaStdout1","                element.value += Array.from(arguments).map(function (arg) {","                    return typeof arg === 'string'","                        ? arg","                        : JSON.stringify(arg, null, 4);","                }).join(' ') + '\\n';","                // scroll textarea to bottom","                element.scrollTop = element.scrollHeight;","            };","        });","        // init event-handling","        ['change', 'click', 'keyup'].forEach(function (event) {","            Array.from(document.querySelectorAll('.on' + event)).forEach(function (element) {","                element.addEventListener(event, local.testRunBrowser);","            });","        });","        // run tests","        local.testRunBrowser();","        break;","","","","    // run node js-env code - post-init","    /* istanbul ignore next */","    case 'node':","        // export local","        module.exports = local;","        // require modules","        local.fs = require('fs');","        local.http = require('http');","        local.url = require('url');","        // init assets","        local.assetsDict = local.assetsDict || {};","        /* jslint-ignore-begin */","        local.assetsDict['/assets.index.template.html'] = '\\","<!doctype html>\\n\\","<html lang=\"en\">\\n\\","<head>\\n\\","<meta charset=\"UTF-8\">\\n\\","<meta name=\"viewport\" content=\"width=device-width, initial-scale=1\">\\n\\","<title>{{env.npm_package_name}} (v{{env.npm_package_version}})</title>\\n\\","<style>\\n\\","/*csslint\\n\\","    box-sizing: false,\\n\\","    universal-selector: false\\n\\","*/\\n\\","* {\\n\\","    box-sizing: border-box;\\n\\","}\\n\\","body {\\n\\","    background: #dde;\\n\\","    font-family: Arial, Helvetica, sans-serif;\\n\\","    margin: 2rem;\\n\\","}\\n\\","body > * {\\n\\","    margin-bottom: 1rem;\\n\\","}\\n\\",".utility2FooterDiv {\\n\\","    margin-top: 20px;\\n\\","    text-align: center;\\n\\","}\\n\\","</style>\\n\\","<style>\\n\\","/*csslint\\n\\","*/\\n\\","textarea {\\n\\","    font-family: monospace;\\n\\","    height: 10rem;\\n\\","    width: 100%;\\n\\","}\\n\\","textarea[readonly] {\\n\\","    background: #ddd;\\n\\","}\\n\\","</style>\\n\\","</head>\\n\\","<body>\\n\\","<!-- utility2-comment\\n\\","<div id=\"ajaxProgressDiv1\" style=\"background: #d00; height: 2px; left: 0; margin: 0; padding: 0; position: fixed; top: 0; transition: background 0.5s, width 1.5s; width: 25%;\"></div>\\n\\","utility2-comment -->\\n\\","<h1>\\n\\","<!-- utility2-comment\\n\\","    <a\\n\\","        {{#if env.npm_package_homepage}}\\n\\","        href=\"{{env.npm_package_homepage}}\"\\n\\","        {{/if env.npm_package_homepage}}\\n\\","        target=\"_blank\"\\n\\","    >\\n\\","utility2-comment -->\\n\\","        {{env.npm_package_name}} (v{{env.npm_package_version}})\\n\\","<!-- utility2-comment\\n\\","    </a>\\n\\","utility2-comment -->\\n\\","</h1>\\n\\","<h3>{{env.npm_package_description}}</h3>\\n\\","<!-- utility2-comment\\n\\","<h4><a download href=\"assets.app.js\">download standalone app</a></h4>\\n\\","<button class=\"onclick onreset\" id=\"testRunButton1\">run internal test</button><br>\\n\\","<div id=\"testReportDiv1\" style=\"display: none;\"></div>\\n\\","utility2-comment -->\\n\\","\\n\\","\\n\\","\\n\\","<label>stderr and stdout</label>\\n\\","<textarea class=\"resettable\" id=\"outputTextareaStdout1\" readonly></textarea>\\n\\","<!-- utility2-comment\\n\\","{{#if isRollup}}\\n\\","<script src=\"assets.app.js\"></script>\\n\\","{{#unless isRollup}}\\n\\","utility2-comment -->\\n\\","<script src=\"assets.utility2.rollup.js\"></script>\\n\\","<script src=\"jsonp.utility2._stateInit?callback=window.utility2._stateInit\"></script>\\n\\","<script src=\"assets.npmtest_absurd.rollup.js\"></script>\\n\\","<script src=\"assets.example.js\"></script>\\n\\","<script src=\"assets.test.js\"></script>\\n\\","<!-- utility2-comment\\n\\","{{/if isRollup}}\\n\\","utility2-comment -->\\n\\","<div class=\"utility2FooterDiv\">\\n\\","    [ this app was created with\\n\\","    <a href=\"https://github.com/kaizhu256/node-utility2\" target=\"_blank\">utility2</a>\\n\\","    ]\\n\\","</div>\\n\\","</body>\\n\\","</html>\\n\\","';","        /* jslint-ignore-end */","        if (local.templateRender) {","            local.assetsDict['/'] = local.templateRender(","                local.assetsDict['/assets.index.template.html'],","                {","                    env: local.objectSetDefault(local.env, {","                        npm_package_description: 'the greatest app in the world!',","                        npm_package_name: 'my-app',","                        npm_package_nameAlias: 'my_app',","                        npm_package_version: '0.0.1'","                    })","                }","            );","        } else {","            local.assetsDict['/'] = local.assetsDict['/assets.index.template.html']","                .replace((/\\{\\{env\\.(\\w+?)\\}\\}/g), function (match0, match1) {","                    // jslint-hack","                    String(match0);","                    switch (match1) {","                    case 'npm_package_description':","                        return 'the greatest app in the world!';","                    case 'npm_package_name':","                        return 'my-app';","                    case 'npm_package_nameAlias':","                        return 'my_app';","                    case 'npm_package_version':","                        return '0.0.1';","                    }","                });","        }","        // run the cli","        if (local.global.utility2_rollup || module !== require.main) {","            break;","        }","        local.assetsDict['/assets.example.js'] =","            local.assetsDict['/assets.example.js'] ||","            local.fs.readFileSync(__filename, 'utf8');","        // bug-workaround - long $npm_package_buildCustomOrg","        /* jslint-ignore-begin */","        local.assetsDict['/assets.npmtest_absurd.rollup.js'] =","            local.assetsDict['/assets.npmtest_absurd.rollup.js'] ||","            local.fs.readFileSync(","                local.npmtest_absurd.__dirname + '/lib.npmtest_absurd.js',","                'utf8'","            ).replace((/^#!/), '//');","        /* jslint-ignore-end */","        local.assetsDict['/favicon.ico'] = local.assetsDict['/favicon.ico'] || '';","        // if $npm_config_timeout_exit exists,","        // then exit this process after $npm_config_timeout_exit ms","        if (Number(process.env.npm_config_timeout_exit)) {","            setTimeout(process.exit, Number(process.env.npm_config_timeout_exit));","        }","        // start server","        if (local.global.utility2_serverHttp1) {","            break;","        }","        process.env.PORT = process.env.PORT || '8081';","        console.error('server starting on port ' + process.env.PORT);","        local.http.createServer(function (request, response) {","            request.urlParsed = local.url.parse(request.url);","            if (local.assetsDict[request.urlParsed.pathname] !== undefined) {","                response.end(local.assetsDict[request.urlParsed.pathname]);","                return;","            }","            response.statusCode = 404;","            response.end();","        }).listen(process.env.PORT);","        break;","    }","}());",""],"l":{"26":2,"28":2,"33":2,"35":2,"37":2,"38":2,"39":2,"44":1,"51":2,"55":2,"59":2,"61":2,"69":1,"70":2,"76":2,"79":2,"82":2,"83":2,"85":1,"89":2,"92":1,"93":1,"94":1,"96":1,"97":1,"100":1,"101":1,"103":1,"106":1,"108":2,"114":1,"116":1,"118":1,"123":1,"124":2,"125":2,"126":3,"127":3,"128":3,"129":3,"130":1,"133":3,"134":3,"139":3,"143":1,"144":3,"145":1,"149":1,"150":1,"158":1,"160":1,"161":1,"162":1,"164":1,"166":1,"258":1,"259":1,"271":1,"274":6,"275":6,"277":1,"279":2,"281":1,"283":2,"288":1,"289":1,"291":1,"296":1,"303":1,"306":1,"307":1,"310":1,"311":1,"313":1,"314":1,"315":1,"316":1,"317":1,"318":1,"319":1,"321":1,"322":1,"324":1}},"/home/travis/build/npmtest/node-npmtest-absurd/node_modules/absurd/index.js":{"path":"/home/travis/build/npmtest/node-npmtest-absurd/node_modules/absurd/index.js","s":{"1":1,"2":1,"3":1,"4":1,"5":1,"6":2,"7":2,"8":0,"9":2,"10":0,"11":2,"12":1,"13":0,"14":0,"15":1},"b":{"1":[0,2],"2":[0,2],"3":[0,1]},"f":{"1":1,"2":2,"3":0},"fnMap":{"1":{"name":"(anonymous_1)","line":11,"loc":{"start":{"line":11,"column":28},"end":{"line":11,"column":40}}},"2":{"name":"(anonymous_2)","line":15,"loc":{"start":{"line":15,"column":26},"end":{"line":15,"column":41}}},"3":{"name":"(anonymous_3)","line":27,"loc":{"start":{"line":27,"column":33},"end":{"line":27,"column":48}}}},"statementMap":{"1":{"start":{"line":3,"column":0},"end":{"line":4,"column":63}},"2":{"start":{"line":5,"column":1},"end":{"line":9,"column":15}},"3":{"start":{"line":11,"column":0},"end":{"line":13,"column":1}},"4":{"start":{"line":12,"column":1},"end":{"line":12,"column":32}},"5":{"start":{"line":15,"column":0},"end":{"line":23,"column":1}},"6":{"start":{"line":16,"column":1},"end":{"line":16,"column":33}},"7":{"start":{"line":17,"column":1},"end":{"line":21,"column":2}},"8":{"start":{"line":18,"column":2},"end":{"line":18,"column":12}},"9":{"start":{"line":19,"column":8},"end":{"line":21,"column":2}},"10":{"start":{"line":20,"column":2},"end":{"line":20,"column":19}},"11":{"start":{"line":22,"column":1},"end":{"line":22,"column":12}},"12":{"start":{"line":26,"column":0},"end":{"line":30,"column":1}},"13":{"start":{"line":27,"column":1},"end":{"line":29,"column":4}},"14":{"start":{"line":28,"column":2},"end":{"line":28,"column":36}},"15":{"start":{"line":33,"column":0},"end":{"line":33,"column":18}}},"branchMap":{"1":{"line":17,"type":"if","locations":[{"start":{"line":17,"column":1},"end":{"line":17,"column":1}},{"start":{"line":17,"column":1},"end":{"line":17,"column":1}}]},"2":{"line":19,"type":"if","locations":[{"start":{"line":19,"column":8},"end":{"line":19,"column":8}},{"start":{"line":19,"column":8},"end":{"line":19,"column":8}}]},"3":{"line":26,"type":"if","locations":[{"start":{"line":26,"column":0},"end":{"line":26,"column":0}},{"start":{"line":26,"column":0},"end":{"line":26,"column":0}}]}},"code":["//#!/usr/bin/env node","","var cli = require('./lib/CLI.js'),","\trequireUncached = require('./lib/helpers/RequireUncached.js');","\tfs = require(\"fs\"),","\targv = require('optimist').argv,","\thasOwnProperty = Object.prototype.hasOwnProperty,","\tapi = null,","\tabsurd = null;","","var isRunningAsCLIProgram = function () {","\treturn require.main === module;","}","","module.exports = absurd = function(func) {","\tapi = require(\"./lib/API.js\")();","\tif(typeof func == \"function\") {","\t\tfunc(api);","\t} else if(typeof func == \"string\") {","\t\tapi.import(func);\t","\t} ","\treturn api;","}","","// godlike","if (isRunningAsCLIProgram()) {","\tprocess.on('uncaughtException', function (err) {","\t\tconsole.log(\"Error packing\", err);","\t});","}"," ","// cli","cli(argv, absurd); "],"l":{"3":1,"5":1,"11":1,"12":1,"15":1,"16":2,"17":2,"18":0,"19":2,"20":0,"22":2,"26":1,"27":0,"28":0,"33":1}},"/home/travis/build/npmtest/node-npmtest-absurd/node_modules/absurd/lib/CLI.js":{"path":"/home/travis/build/npmtest/node-npmtest-absurd/node_modules/absurd/lib/CLI.js","s":{"1":1,"2":1,"3":0,"4":0,"5":0,"6":0,"7":0,"8":0,"9":0,"10":0,"11":0,"12":0,"13":0,"14":0,"15":1,"16":0,"17":0,"18":0,"19":0,"20":0,"21":0,"22":0,"23":0,"24":0,"25":0,"26":0,"27":0,"28":0,"29":0,"30":0,"31":0,"32":1,"33":0,"34":0,"35":0,"36":0,"37":1,"38":1,"39":1,"40":1,"41":1,"42":0,"43":0,"44":0,"45":1,"46":0,"47":0,"48":0,"49":0,"50":0,"51":0,"52":0,"53":0,"54":0,"55":0,"56":0,"57":0,"58":0,"59":0},"b":{"1":[0,0],"2":[0,0],"3":[0,0],"4":[0,0],"5":[0,0],"6":[0,0],"7":[0,0],"8":[0,0],"9":[0,0],"10":[0,0],"11":[0,0],"12":[0,1],"13":[1,0],"14":[0,1],"15":[1,0],"16":[0,1],"17":[1,0],"18":[0,1],"19":[0],"20":[0,1],"21":[0,0],"22":[0,0]},"f":{"1":0,"2":0,"3":0,"4":0,"5":0,"6":0,"7":0,"8":0,"9":1,"10":0,"11":0,"12":0},"fnMap":{"1":{"name":"(anonymous_1)","line":10,"loc":{"start":{"line":10,"column":14},"end":{"line":10,"column":56}}},"2":{"name":"(anonymous_2)","line":17,"loc":{"start":{"line":17,"column":66},"end":{"line":17,"column":85}}},"3":{"name":"(anonymous_3)","line":22,"loc":{"start":{"line":22,"column":51},"end":{"line":22,"column":70}}},"4":{"name":"(anonymous_4)","line":29,"loc":{"start":{"line":29,"column":23},"end":{"line":29,"column":34}}},"5":{"name":"(anonymous_5)","line":30,"loc":{"start":{"line":30,"column":23},"end":{"line":30,"column":45}}},"6":{"name":"(anonymous_6)","line":46,"loc":{"start":{"line":46,"column":26},"end":{"line":46,"column":36}}},"7":{"name":"(anonymous_7)","line":57,"loc":{"start":{"line":57,"column":17},"end":{"line":57,"column":52}}},"8":{"name":"(anonymous_8)","line":58,"loc":{"start":{"line":58,"column":19},"end":{"line":58,"column":40}}},"9":{"name":"(anonymous_9)","line":66,"loc":{"start":{"line":66,"column":17},"end":{"line":66,"column":34}}},"10":{"name":"(anonymous_10)","line":89,"loc":{"start":{"line":89,"column":22},"end":{"line":89,"column":33}}},"11":{"name":"(anonymous_11)","line":91,"loc":{"start":{"line":91,"column":32},"end":{"line":91,"column":46}}},"12":{"name":"(anonymous_12)","line":94,"loc":{"start":{"line":94,"column":23},"end":{"line":94,"column":49}}}},"statementMap":{"1":{"start":{"line":1,"column":0},"end":{"line":8,"column":6}},"2":{"start":{"line":10,"column":0},"end":{"line":27,"column":1}},"3":{"start":{"line":11,"column":1},"end":{"line":11,"column":20}},"4":{"start":{"line":12,"column":1},"end":{"line":14,"column":2}},"5":{"start":{"line":13,"column":2},"end":{"line":13,"column":27}},"6":{"start":{"line":16,"column":1},"end":{"line":26,"column":2}},"7":{"start":{"line":17,"column":5},"end":{"line":20,"column":17}},"8":{"start":{"line":18,"column":6},"end":{"line":18,"column":24}},"9":{"start":{"line":18,"column":14},"end":{"line":18,"column":24}},"10":{"start":{"line":19,"column":6},"end":{"line":19,"column":47}},"11":{"start":{"line":22,"column":2},"end":{"line":25,"column":17}},"12":{"start":{"line":23,"column":3},"end":{"line":23,"column":21}},"13":{"start":{"line":23,"column":11},"end":{"line":23,"column":21}},"14":{"start":{"line":24,"column":6},"end":{"line":24,"column":23}},"15":{"start":{"line":29,"column":0},"end":{"line":55,"column":1}},"16":{"start":{"line":30,"column":1},"end":{"line":54,"column":4}},"17":{"start":{"line":31,"column":2},"end":{"line":52,"column":3}},"18":{"start":{"line":32,"column":3},"end":{"line":32,"column":42}},"19":{"start":{"line":35,"column":3},"end":{"line":50,"column":4}},"20":{"start":{"line":36,"column":4},"end":{"line":49,"column":5}},"21":{"start":{"line":37,"column":5},"end":{"line":37,"column":25}},"22":{"start":{"line":38,"column":5},"end":{"line":38,"column":27}},"23":{"start":{"line":39,"column":5},"end":{"line":44,"column":6}},"24":{"start":{"line":40,"column":6},"end":{"line":40,"column":30}},"25":{"start":{"line":41,"column":6},"end":{"line":43,"column":7}},"26":{"start":{"line":42,"column":7},"end":{"line":42,"column":24}},"27":{"start":{"line":45,"column":5},"end":{"line":48,"column":6}},"28":{"start":{"line":46,"column":6},"end":{"line":46,"column":40}},"29":{"start":{"line":47,"column":6},"end":{"line":47,"column":32}},"30":{"start":{"line":51,"column":3},"end":{"line":51,"column":21}},"31":{"start":{"line":53,"column":2},"end":{"line":53,"column":36}},"32":{"start":{"line":57,"column":0},"end":{"line":64,"column":1}},"33":{"start":{"line":58,"column":1},"end":{"line":63,"column":4}},"34":{"start":{"line":59,"column":2},"end":{"line":62,"column":3}},"35":{"start":{"line":60,"column":3},"end":{"line":60,"column":56}},"36":{"start":{"line":61,"column":3},"end":{"line":61,"column":44}},"37":{"start":{"line":66,"column":0},"end":{"line":107,"column":1}},"38":{"start":{"line":67,"column":1},"end":{"line":67,"column":11}},"39":{"start":{"line":68,"column":1},"end":{"line":68,"column":13}},"40":{"start":{"line":69,"column":1},"end":{"line":74,"column":3}},"41":{"start":{"line":76,"column":1},"end":{"line":80,"column":2}},"42":{"start":{"line":77,"column":2},"end":{"line":79,"column":3}},"43":{"start":{"line":78,"column":17},"end":{"line":78,"column":40}},"44":{"start":{"line":78,"column":41},"end":{"line":78,"column":47}},"45":{"start":{"line":82,"column":1},"end":{"line":105,"column":2}},"46":{"start":{"line":83,"column":2},"end":{"line":83,"column":43}},"47":{"start":{"line":85,"column":2},"end":{"line":104,"column":3}},"48":{"start":{"line":87,"column":3},"end":{"line":87,"column":46}},"49":{"start":{"line":89,"column":3},"end":{"line":98,"column":4}},"50":{"start":{"line":90,"column":4},"end":{"line":90,"column":36}},"51":{"start":{"line":91,"column":4},"end":{"line":97,"column":6}},"52":{"start":{"line":92,"column":5},"end":{"line":92,"column":44}},"53":{"start":{"line":92,"column":13},"end":{"line":92,"column":44}},"54":{"start":{"line":93,"column":5},"end":{"line":93,"column":20}},"55":{"start":{"line":94,"column":5},"end":{"line":96,"column":8}},"56":{"start":{"line":95,"column":6},"end":{"line":95,"column":43}},"57":{"start":{"line":100,"column":3},"end":{"line":100,"column":59}},"58":{"start":{"line":101,"column":3},"end":{"line":101,"column":18}},"59":{"start":{"line":102,"column":3},"end":{"line":102,"column":22}}},"branchMap":{"1":{"line":12,"type":"if","locations":[{"start":{"line":12,"column":1},"end":{"line":12,"column":1}},{"start":{"line":12,"column":1},"end":{"line":12,"column":1}}]},"2":{"line":16,"type":"if","locations":[{"start":{"line":16,"column":1},"end":{"line":16,"column":1}},{"start":{"line":16,"column":1},"end":{"line":16,"column":1}}]},"3":{"line":18,"type":"if","locations":[{"start":{"line":18,"column":6},"end":{"line":18,"column":6}},{"start":{"line":18,"column":6},"end":{"line":18,"column":6}}]},"4":{"line":23,"type":"if","locations":[{"start":{"line":23,"column":3},"end":{"line":23,"column":3}},{"start":{"line":23,"column":3},"end":{"line":23,"column":3}}]},"5":{"line":31,"type":"if","locations":[{"start":{"line":31,"column":2},"end":{"line":31,"column":2}},{"start":{"line":31,"column":2},"end":{"line":31,"column":2}}]},"6":{"line":35,"type":"if","locations":[{"start":{"line":35,"column":3},"end":{"line":35,"column":3}},{"start":{"line":35,"column":3},"end":{"line":35,"column":3}}]},"7":{"line":35,"type":"binary-expr","locations":[{"start":{"line":35,"column":6},"end":{"line":35,"column":15}},{"start":{"line":35,"column":19},"end":{"line":35,"column":39}}]},"8":{"line":41,"type":"if","locations":[{"start":{"line":41,"column":6},"end":{"line":41,"column":6}},{"start":{"line":41,"column":6},"end":{"line":41,"column":6}}]},"9":{"line":45,"type":"if","locations":[{"start":{"line":45,"column":5},"end":{"line":45,"column":5}},{"start":{"line":45,"column":5},"end":{"line":45,"column":5}}]},"10":{"line":59,"type":"if","locations":[{"start":{"line":59,"column":2},"end":{"line":59,"column":2}},{"start":{"line":59,"column":2},"end":{"line":59,"column":2}}]},"11":{"line":59,"type":"binary-expr","locations":[{"start":{"line":59,"column":5},"end":{"line":59,"column":10}},{"start":{"line":59,"column":14},"end":{"line":59,"column":28}}]},"12":{"line":70,"type":"cond-expr","locations":[{"start":{"line":70,"column":39},"end":{"line":70,"column":43}},{"start":{"line":70,"column":46},"end":{"line":70,"column":51}}]},"13":{"line":70,"type":"binary-expr","locations":[{"start":{"line":70,"column":10},"end":{"line":70,"column":16}},{"start":{"line":70,"column":20},"end":{"line":70,"column":36}}]},"14":{"line":72,"type":"cond-expr","locations":[{"start":{"line":72,"column":46},"end":{"line":72,"column":50}},{"start":{"line":72,"column":53},"end":{"line":72,"column":58}}]},"15":{"line":72,"type":"binary-expr","locations":[{"start":{"line":72,"column":17},"end":{"line":72,"column":23}},{"start":{"line":72,"column":27},"end":{"line":72,"column":43}}]},"16":{"line":73,"type":"cond-expr","locations":[{"start":{"line":73,"column":50},"end":{"line":73,"column":55}},{"start":{"line":73,"column":58},"end":{"line":73,"column":62}}]},"17":{"line":73,"type":"binary-expr","locations":[{"start":{"line":73,"column":20},"end":{"line":73,"column":26}},{"start":{"line":73,"column":30},"end":{"line":73,"column":47}}]},"18":{"line":76,"type":"if","locations":[{"start":{"line":76,"column":1},"end":{"line":76,"column":1}},{"start":{"line":76,"column":1},"end":{"line":76,"column":1}}]},"19":{"line":77,"type":"switch","locations":[{"start":{"line":78,"column":3},"end":{"line":78,"column":47}}]},"20":{"line":82,"type":"if","locations":[{"start":{"line":82,"column":1},"end":{"line":82,"column":1}},{"start":{"line":82,"column":1},"end":{"line":82,"column":1}}]},"21":{"line":85,"type":"if","locations":[{"start":{"line":85,"column":2},"end":{"line":85,"column":2}},{"start":{"line":85,"column":2},"end":{"line":85,"column":2}}]},"22":{"line":92,"type":"if","locations":[{"start":{"line":92,"column":5},"end":{"line":92,"column":5}},{"start":{"line":92,"column":5},"end":{"line":92,"column":5}}]}},"code":["var colors = require('colors'),","\tglob = require(\"glob\"),","\tfs = require(\"fs\"),","\tpathToWatch = '',","\tpathFiles = [],","\twatcher,","\tabsurd,","\targv;","","var compile = function(absurd, source, output, options) {","\tvar api = absurd();","\tif(options.morph !== false) {","\t\tapi.morph(options.morph);","\t}","\t// if there is output provided","\tif(output) {","\t    api.import(process.cwd() + \"/\" + source).compileFile(output, function(err, css) {","\t    \tif(err) throw err;","\t    \tconsole.log((\"> save: \" + output).green);","\t    }, options);","\t} else {","\t\tapi.import(process.cwd() + \"/\" + source).compile(function(err, css) {","\t\t\tif(err) throw err;","\t    \tconsole.log(css);","\t    }, options);","\t}","}","","var checkForNewFiles = function() {","\tglob(pathToWatch, {}, function (err, files) {","\t\tif(err) {","\t\t\tconsole.log((\"> glob error\").red, err);","\t\t} else {","\t\t\t// comparing","\t\t\tif(pathFiles && pathFiles.length > 0) {","\t\t\t\tfor(var i=0; i<files.length; i++) {","\t\t\t\t\tvar fNew = files[i];","\t\t\t\t\tvar isItThere = false;","\t\t\t\t\tfor(var j=0; j<pathFiles.length; j++) {","\t\t\t\t\t\tvar fOld = pathFiles[j];","\t\t\t\t\t\tif(fNew == fOld) {","\t\t\t\t\t\t\tisItThere = true;","\t\t\t\t\t\t}","\t\t\t\t\t}","\t\t\t\t\tif(!isItThere) {","\t\t\t\t\t\twatcher.add([fNew], function(){});","\t\t\t\t\t\teventFired(\"added\", fNew);","\t\t\t\t\t}","\t\t\t\t}","\t\t\t}","\t\t\tpathFiles = files;","\t\t}","\t\tsetTimeout(checkForNewFiles, 500);","\t});","}","","var eventFired = function(event, filepath, options) {","\tfs.stat(filepath, function(err, stats) {","\t\tif(stats && stats.isFile()) {","\t\t\tconsole.log((\"> \" + event + \": \" + filepath).yellow);","\t\t\tcompile(absurd, argv.s, argv.o, options);","\t\t}","\t});","}","","module.exports = function(ar, ab) {","\targv = ar;","\tabsurd = ab;","\tvar options = { ","\t\tminify: argv.m && argv.m == \"true\" ? true : false,","\t\tmorph: false,","\t\tkeepCamelCase: argv.k && argv.k == \"true\" ? true : false,","\t\tcombineSelectors: argv.c && argv.c == \"false\" ? false : true","\t};","\t// morphing\t","\tif(argv.t) {","\t\tswitch(argv.t) {","\t\t\tcase \"html\":  options.morph = \"html\"; break;","\t\t}","\t}","\t// if there is source provided\t","\tif(argv.s) {","\t\tcompile(absurd, argv.s, argv.o, options);","\t\t// if there is watcher provided","\t\tif(argv.w) {","\t\t\t","\t\t\tpathToWatch = process.cwd() + \"/\" + argv.w;","\t\t\t","\t\t\tvar startWatcher = function() {","\t\t\t\tvar Gaze = require('gaze').Gaze;","\t\t\t\tnew Gaze([pathToWatch], {}, function(err) {","\t\t\t\t\tif(err) console.log(('> ' + err).read);","\t\t\t\t\twatcher = this;","\t\t\t\t\twatcher.on('all', function(event, filepath) {","\t\t\t\t\t\teventFired(event, filepath, options);","\t\t\t\t\t});","\t\t\t\t})","\t\t\t}","","\t\t\tconsole.log((\"> watching: \\n> \" + pathToWatch).magenta);","\t\t\tstartWatcher();","\t\t\tcheckForNewFiles();","","\t\t}","\t}","","}"],"l":{"1":1,"10":1,"11":0,"12":0,"13":0,"16":0,"17":0,"18":0,"19":0,"22":0,"23":0,"24":0,"29":1,"30":0,"31":0,"32":0,"35":0,"36":0,"37":0,"38":0,"39":0,"40":0,"41":0,"42":0,"45":0,"46":0,"47":0,"51":0,"53":0,"57":1,"58":0,"59":0,"60":0,"61":0,"66":1,"67":1,"68":1,"69":1,"76":1,"77":0,"78":0,"82":1,"83":0,"85":0,"87":0,"89":0,"90":0,"91":0,"92":0,"93":0,"94":0,"95":0,"100":0,"101":0,"102":0}},"/home/travis/build/npmtest/node-npmtest-absurd/node_modules/absurd/lib/helpers/RequireUncached.js":{"path":"/home/travis/build/npmtest/node-npmtest-absurd/node_modules/absurd/lib/helpers/RequireUncached.js","s":{"1":1,"2":0,"3":0},"b":{},"f":{"1":0},"fnMap":{"1":{"name":"(anonymous_1)","line":1,"loc":{"start":{"line":1,"column":17},"end":{"line":1,"column":34}}}},"statementMap":{"1":{"start":{"line":1,"column":0},"end":{"line":4,"column":1}},"2":{"start":{"line":2,"column":1},"end":{"line":2,"column":46}},"3":{"start":{"line":3,"column":4},"end":{"line":3,"column":27}}},"branchMap":{},"code":["module.exports = function(module) {","\tdelete require.cache[require.resolve(module)]","    return require(module);","}"],"l":{"1":1,"2":0,"3":0}},"/home/travis/build/npmtest/node-npmtest-absurd/node_modules/absurd/Gruntfile.js":{"path":"/home/travis/build/npmtest/node-npmtest-absurd/node_modules/absurd/Gruntfile.js","s":{"1":1,"2":1,"3":0,"4":0,"5":0,"6":0,"7":0,"8":0,"9":0,"10":0,"11":0,"12":0},"b":{},"f":{"1":0,"2":0,"3":0},"fnMap":{"1":{"name":"(anonymous_1)","line":3,"loc":{"start":{"line":3,"column":17},"end":{"line":3,"column":33}}},"2":{"name":"(anonymous_2)","line":23,"loc":{"start":{"line":23,"column":14},"end":{"line":23,"column":38}}},"3":{"name":"(anonymous_3)","line":39,"loc":{"start":{"line":39,"column":14},"end":{"line":39,"column":38}}}},"statementMap":{"1":{"start":{"line":1,"column":0},"end":{"line":1,"column":27}},"2":{"start":{"line":3,"column":0},"end":{"line":137,"column":1}},"3":{"start":{"line":5,"column":1},"end":{"line":128,"column":4}},"4":{"start":{"line":24,"column":6},"end":{"line":27,"column":28}},"5":{"start":{"line":28,"column":6},"end":{"line":28,"column":54}},"6":{"start":{"line":40,"column":6},"end":{"line":44,"column":50}},"7":{"start":{"line":45,"column":6},"end":{"line":45,"column":54}},"8":{"start":{"line":130,"column":1},"end":{"line":130,"column":44}},"9":{"start":{"line":131,"column":1},"end":{"line":131,"column":43}},"10":{"start":{"line":132,"column":1},"end":{"line":132,"column":44}},"11":{"start":{"line":133,"column":1},"end":{"line":133,"column":26}},"12":{"start":{"line":135,"column":1},"end":{"line":135,"column":71}}},"branchMap":{},"code":["var path = require(\"path\");","","module.exports = function(grunt) {","","\tgrunt.initConfig({","\t\tconcat: {","\t\t\t// packing the nodejs code","\t\t\tabsurd: {","\t\t\t\tsrc: [","\t\t\t\t\t'lib/**/*.js',","\t\t\t\t\t'!lib/CLI.js',","\t\t\t\t\t'!lib/API.js',","\t\t\t\t\t'!lib/api/handlecss.js',","\t\t\t\t\t'!lib/api/handlecssrule.js',","\t\t\t\t\t'!lib/api/handlecssimport.js',","\t\t\t\t\t'!lib/api/import.js',","\t\t\t\t\t'!lib/api/express.js',","\t\t\t\t\t'!lib/processors/css/organic/**/*.*',","\t\t\t\t\t'!lib/helpers/CSS2JSON.js'","\t\t\t\t],","\t\t\t\tdest: 'tasks/tmp/absurd.js',","\t\t\t\toptions: {","\t\t\t\t\tprocess: function(src, filepath) {","\t\t\t\t\t\tvar moduleDef = filepath","\t\t\t\t\t\t.replace(/\\//g, '.')","\t\t\t\t\t\t.replace(/\\//g, '.')","\t\t\t\t\t\t.replace(/\\.js/g, '');","\t\t\t\t\t\treturn src.replace(\"module.exports\", moduleDef);","\t\t\t\t\t}","\t\t\t\t}","\t\t\t},","\t\t\t// packing organic framework","\t\t\torganic: {","\t\t\t\tsrc: [","\t\t\t\t\t'lib/processors/css/organic/**/*.js'","\t\t\t\t],","\t\t\t\tdest: 'tasks/tmp/absurd-organic.js',","\t\t\t\toptions: {","\t\t\t\t\tprocess: function(src, filepath) {","\t\t\t\t\t\tvar moduleDef = filepath","\t\t\t\t\t\t.replace(/\\//g, '.')","\t\t\t\t\t\t.replace(/\\//g, '.')","\t\t\t\t\t\t.replace(/\\.js/g, '')","\t\t\t\t\t\t.replace('lib.processors.css.organic', 'o');","\t\t\t\t\t\treturn src.replace(\"module.exports\", moduleDef);","\t\t\t\t\t}","\t\t\t\t}","\t\t\t},","\t\t\t// packing client side code","\t\t\t'absurd-client-code': {","\t\t\t\tsrc: [","\t\t\t\t\t'client-side/lib/**/*.js',","\t\t\t\t],","\t\t\t\tdest: 'tasks/tmp/absurd-client-code.js',","\t\t\t},","\t\t\t// packing client side code","\t\t\t'absurd-organic-client-code': {","\t\t\t\tsrc: [","\t\t\t\t\t'client-side/lib-organic/**/*.js',","\t\t\t\t],","\t\t\t\tdest: 'tasks/tmp/absurd-organic-client-code.js',","\t\t\t},","\t\t\t// packing the nodejs tests for client-side usage","\t\t\t'node-tests-to-client': {","\t\t\t\tsrc: [","\t\t\t\t\t'tests/common/*.js',","\t\t\t\t\t'tests/bugs/*.js',","\t\t\t\t\t'tests/metamorphosis/**/*.js',","\t\t\t\t\t'tests/componenting/**/*.js',","\t\t\t\t\t'tests/di/*.js',","\t\t\t\t\t'tests/organic/*.js',","\t\t\t\t\t'tests/experimental/move.selector.up.spec.js',","\t\t\t\t\t'tests/experimental/same.property.diff.value.spec.js',","\t\t\t\t\t'tests/experimental/error.reporting.spec.js',","\t\t\t\t\t'tests/experimental/dynamic.css.spec.js',","\t\t\t\t\t'!tests/common/api.import.spec.js',","\t\t\t\t\t'!tests/common/compile-and-save.spec.js',","\t\t\t\t\t'!tests/common/minify.spec.js',","\t\t\t\t\t'!tests/common/using-css.spec.js',","\t\t\t\t\t'!tests/common/using-json.spec.js',","\t\t\t\t\t'!tests/common/using-yaml.spec.js',","\t\t\t\t\t'!tests/common/basics-and-compilation.spec.js',","\t\t\t\t\t'!tests/common/cli.spec.js',","\t\t\t\t\t'!tests/common/variables-and-functions.spec.js',","\t\t\t\t\t'!tests/common/adding-raw-external-data.spec.js',","\t\t\t\t\t'!tests/common/define.external.css.spec.js',","\t\t\t\t\t'!tests/common/return-processed-external-data.spec.js',","\t\t\t\t\t'!tests/metamorphosis/html/morph.html.import.spec.js',","\t\t\t\t\t'!tests/metamorphosis/html/morph.html.indentation.spec.js',","\t\t\t\t\t'!tests/bugs/css.import.multiple.classes.spec.js',","\t\t\t\t\t'!tests/bugs/use.import.in.css.file.spec.js',","\t\t\t\t\t'!tests/experimental/csstojson.spec.js',","\t\t\t\t\t'!tests/bugs/dynamic-css-in-files/*.js'","\t\t\t\t],","\t\t\t\tdest: 'client-side/tests/tests.from.node.js',","\t\t\t}","\t\t},","\t\t// building the client-side port of absurd and organic","\t\tbuild: {","\t\t\tindex: {","\t\t\t\tdest: 'client-side/build/absurd.js',","\t\t\t\torganicDest: 'client-side/build/absurd.organic.js'","\t\t\t}","\t\t},","\t\t// minification","\t\tuglify: {","\t\t\tabsurd: {","\t\t\t\tsrc: 'client-side/build/absurd.js',","\t\t\t\tdest: 'client-side/build/absurd.min.js'","\t\t\t},","\t\t\torganic: {","\t\t\t\tsrc: 'client-side/build/absurd.organic.js',","\t\t\t\tdest: 'client-side/build/absurd.organic.min.js'","\t\t\t}","\t\t},","\t\t// watching","\t\twatch: {","\t\t\tcommands: {","\t\t\t\tfiles: [","\t\t\t\t\t'<%= concat.absurd.src[0] %>',","\t\t\t\t\t'client-side/lib/**/*.js',","\t\t\t\t\t'client-side/lib-organic/**/*.js',","\t\t\t\t\t'tests/**/*.js'","\t\t\t\t],","\t\t\t\ttasks: ['concat', 'build', 'uglify']","\t\t\t}","\t\t}","\t});","","\tgrunt.loadNpmTasks('grunt-contrib-concat');","\tgrunt.loadNpmTasks('grunt-contrib-watch');","\tgrunt.loadNpmTasks('grunt-contrib-uglify');","\tgrunt.loadTasks('tasks');","","\tgrunt.registerTask('default', ['concat', 'build', 'uglify', 'watch']);","","}"],"l":{"1":1,"3":1,"5":0,"24":0,"28":0,"40":0,"45":0,"130":0,"131":0,"132":0,"133":0,"135":0}},"/home/travis/build/npmtest/node-npmtest-absurd/node_modules/absurd/lib/API.js":{"path":"/home/travis/build/npmtest/node-npmtest-absurd/node_modules/absurd/lib/API.js","s":{"1":1,"2":1,"3":1,"4":1,"5":2,"6":2,"7":0,"8":0,"9":0,"10":0,"11":0,"12":2,"13":1119,"14":2,"15":0,"16":2,"17":0,"18":0,"19":0,"20":0,"21":0,"22":0,"23":2,"24":0,"25":0,"26":0,"27":0,"28":0,"29":0,"30":0,"31":0,"32":0,"33":0,"34":0,"35":0,"36":0,"37":2,"38":0,"39":0,"40":0,"41":2,"42":0,"43":0,"44":0,"45":0,"46":0,"47":0,"48":0,"49":0,"50":0,"51":0,"52":2,"53":0,"54":0,"55":0,"56":0,"57":0,"58":0,"59":0,"60":2,"61":1119,"62":0,"63":0,"64":0,"65":1119,"66":2,"67":2,"68":2,"69":2,"70":2,"71":2,"72":2,"73":32,"74":32,"75":32,"76":1119,"77":1119,"78":0,"79":1119,"80":2,"81":2,"82":2,"83":2,"84":14,"85":14,"86":14,"87":14,"88":2,"89":2,"90":2,"91":2,"92":2,"93":2},"b":{"1":[0,0],"2":[0,0],"3":[0,0],"4":[0,0,0,0],"5":[0,0,0],"6":[0,0],"7":[0,0],"8":[0,0],"9":[0,0],"10":[0,0],"11":[0,0],"12":[0,0],"13":[0,0],"14":[0,0],"15":[0,1119],"16":[0,0],"17":[2,0],"18":[0,1119],"19":[2,0],"20":[14,0]},"f":{"1":2,"2":0,"3":1119,"4":0,"5":0,"6":0,"7":0,"8":0,"9":0,"10":1119,"11":2,"12":32,"13":1119,"14":2,"15":2},"fnMap":{"1":{"name":"(anonymous_1)","line":5,"loc":{"start":{"line":5,"column":17},"end":{"line":5,"column":28}}},"2":{"name":"(anonymous_2)","line":13,"loc":{"start":{"line":13,"column":17},"end":{"line":13,"column":38}}},"3":{"name":"(anonymous_3)","line":23,"loc":{"start":{"line":23,"column":19},"end":{"line":23,"column":30}}},"4":{"name":"(anonymous_4)","line":26,"loc":{"start":{"line":26,"column":19},"end":{"line":26,"column":30}}},"5":{"name":"(anonymous_5)","line":29,"loc":{"start":{"line":29,"column":14},"end":{"line":29,"column":25}}},"6":{"name":"(anonymous_6)","line":39,"loc":{"start":{"line":39,"column":18},"end":{"line":39,"column":41}}},"7":{"name":"(anonymous_7)","line":57,"loc":{"start":{"line":57,"column":24},"end":{"line":57,"column":48}}},"8":{"name":"(anonymous_8)","line":62,"loc":{"start":{"line":62,"column":22},"end":{"line":62,"column":49}}},"9":{"name":"(anonymous_9)","line":82,"loc":{"start":{"line":82,"column":16},"end":{"line":82,"column":43}}},"10":{"name":"(anonymous_10)","line":92,"loc":{"start":{"line":92,"column":18},"end":{"line":92,"column":41}}},"11":{"name":"(anonymous_11)","line":108,"loc":{"start":{"line":108,"column":26},"end":{"line":108,"column":37}}},"12":{"name":"(anonymous_12)","line":113,"loc":{"start":{"line":113,"column":37},"end":{"line":113,"column":52}}},"13":{"name":"(anonymous_13)","line":114,"loc":{"start":{"line":114,"column":12},"end":{"line":114,"column":23}}},"14":{"name":"(anonymous_14)","line":123,"loc":{"start":{"line":123,"column":23},"end":{"line":123,"column":34}}},"15":{"name":"(anonymous_15)","line":136,"loc":{"start":{"line":136,"column":23},"end":{"line":136,"column":34}}}},"statementMap":{"1":{"start":{"line":1,"column":0},"end":{"line":1,"column":23}},"2":{"start":{"line":2,"column":0},"end":{"line":2,"column":27}},"3":{"start":{"line":3,"column":0},"end":{"line":3,"column":41}},"4":{"start":{"line":5,"column":0},"end":{"line":146,"column":1}},"5":{"start":{"line":7,"column":1},"end":{"line":11,"column":14}},"6":{"start":{"line":13,"column":1},"end":{"line":22,"column":2}},"7":{"start":{"line":14,"column":2},"end":{"line":21,"column":3}},"8":{"start":{"line":15,"column":3},"end":{"line":15,"column":17}},"9":{"start":{"line":17,"column":3},"end":{"line":19,"column":4}},"10":{"start":{"line":18,"column":4},"end":{"line":18,"column":28}},"11":{"start":{"line":20,"column":3},"end":{"line":20,"column":29}},"12":{"start":{"line":23,"column":1},"end":{"line":25,"column":2}},"13":{"start":{"line":24,"column":2},"end":{"line":24,"column":18}},"14":{"start":{"line":26,"column":1},"end":{"line":28,"column":2}},"15":{"start":{"line":27,"column":2},"end":{"line":27,"column":18}},"16":{"start":{"line":29,"column":1},"end":{"line":36,"column":2}},"17":{"start":{"line":30,"column":2},"end":{"line":30,"column":14}},"18":{"start":{"line":31,"column":2},"end":{"line":31,"column":16}},"19":{"start":{"line":32,"column":2},"end":{"line":32,"column":14}},"20":{"start":{"line":33,"column":2},"end":{"line":33,"column":74}},"21":{"start":{"line":34,"column":2},"end":{"line":34,"column":23}},"22":{"start":{"line":35,"column":2},"end":{"line":35,"column":14}},"23":{"start":{"line":39,"column":1},"end":{"line":56,"column":2}},"24":{"start":{"line":40,"column":2},"end":{"line":40,"column":34}},"25":{"start":{"line":41,"column":2},"end":{"line":54,"column":3}},"26":{"start":{"line":42,"column":3},"end":{"line":42,"column":39}},"27":{"start":{"line":43,"column":3},"end":{"line":53,"column":4}},"28":{"start":{"line":44,"column":4},"end":{"line":52,"column":5}},"29":{"start":{"line":45,"column":18},"end":{"line":45,"column":43}},"30":{"start":{"line":45,"column":44},"end":{"line":45,"column":50}},"31":{"start":{"line":46,"column":20},"end":{"line":46,"column":53}},"32":{"start":{"line":46,"column":54},"end":{"line":46,"column":60}},"33":{"start":{"line":48,"column":6},"end":{"line":50,"column":7}},"34":{"start":{"line":49,"column":7},"end":{"line":49,"column":38}},"35":{"start":{"line":51,"column":5},"end":{"line":51,"column":11}},"36":{"start":{"line":55,"column":2},"end":{"line":55,"column":14}},"37":{"start":{"line":57,"column":1},"end":{"line":61,"column":2}},"38":{"start":{"line":58,"column":2},"end":{"line":58,"column":104}},"39":{"start":{"line":59,"column":2},"end":{"line":59,"column":23}},"40":{"start":{"line":60,"column":2},"end":{"line":60,"column":14}},"41":{"start":{"line":62,"column":1},"end":{"line":79,"column":2}},"42":{"start":{"line":63,"column":2},"end":{"line":63,"column":39}},"43":{"start":{"line":64,"column":2},"end":{"line":77,"column":3}},"44":{"start":{"line":65,"column":3},"end":{"line":69,"column":4}},"45":{"start":{"line":66,"column":4},"end":{"line":68,"column":5}},"46":{"start":{"line":67,"column":5},"end":{"line":67,"column":45}},"47":{"start":{"line":71,"column":3},"end":{"line":75,"column":4}},"48":{"start":{"line":72,"column":4},"end":{"line":74,"column":5}},"49":{"start":{"line":73,"column":5},"end":{"line":73,"column":51}},"50":{"start":{"line":76,"column":3},"end":{"line":76,"column":35}},"51":{"start":{"line":78,"column":2},"end":{"line":78,"column":14}},"52":{"start":{"line":82,"column":1},"end":{"line":91,"column":2}},"53":{"start":{"line":83,"column":2},"end":{"line":83,"column":42}},"54":{"start":{"line":83,"column":22},"end":{"line":83,"column":42}},"55":{"start":{"line":84,"column":2},"end":{"line":84,"column":29}},"5
[...]
47,"column":13},"end":{"line":247,"column":36}},{"start":{"line":247,"column":40},"end":{"line":247,"column":47}},{"start":{"line":248,"column":16},"end":{"line":248,"column":27}},{"start":{"line":248,"column":31},"end":{"line":248,"column":41}},{"start":{"line":248,"column":45},"end":{"line":248,"column":55}},{"start":{"line":248,"column":59},"end":{"line":248,"column":74}},{"start":{"line":250,"column":16},"end":{"line":250,"column":39}}]},"12":{"line":253,"type":"cond-expr","locations":[{"start":{"line":254,"column":12},"end":{"line":259,"column":17}},{"start":{"line":261,"column":12},"end":{"line":261,"column":15}}]},"13":{"line":263,"type":"if","locations":[{"start":{"line":263,"column":6},"end":{"line":263,"column":6}},{"start":{"line":263,"column":6},"end":{"line":263,"column":6}}]},"14":{"line":263,"type":"binary-expr","locations":[{"start":{"line":263,"column":10},"end":{"line":263,"column":21}},{"start":{"line":263,"column":25},"end":{"line":263,"column":35}}]}},"code":["// Copyright (C) 2011 Google Inc.","//","// Licensed under the Apache License, Version 2.0 (the \"License\");","// you may not use this file except in compliance with the License.","// You may obtain a copy of the License at","//","//      http://www.apache.org/licenses/LICENSE-2.0","//","// Unless required by applicable law or agreed to in writing, software","// distributed under the License is distributed on an \"AS IS\" BASIS,","// WITHOUT WARRANTIES OR CONDITIONS OF ANY KIND, either express or implied.","// See the License for the specific language governing permissions and","// limitations under the License.","","/**"," * A lexical scannar for CSS3 as defined at http://www.w3.org/TR/css3-syntax ."," * "," * @author Mike Samuel <mikesamuel@gmail.com>"," * @provides lexCss, decodeCss"," */","","var lexCss, decodeCss;","","(function () {","","  /**","   * Decodes an escape sequence as specified in CSS3 section 4.1.","   * http://www.w3.org/TR/css3-syntax/#characters","   * @private","   */","  function decodeCssEscape(s) {","    var i = parseInt(s.substring(1), 16);","    // If parseInt didn't find a hex diigt, it returns NaN so return the","    // escaped character.","    // Otherwise, parseInt will stop at the first non-hex digit so there's no","    // need to worry about trailing whitespace.","    if (i > 0xffff) {","      // A supplemental codepoint.","      return i -= 0x10000,","        String.fromCharCode(","            0xd800 + (i >> 10),","            0xdc00 + (i & 0x3FF));","    } else if (i == i) {","      return String.fromCharCode(i);","    } else if (s[1] < ' ') {","      // \"a backslash followed by a newline is ignored\".","      return '';","    } else {","      return s[1];","    }","  }","   ","  /**","   * Returns an equivalent CSS string literal given plain text: foo -> \"foo\".","   * @private","   */","  function escapeCssString(s, replacer) {","    return '\"' + s.replace(/[\\u0000-\\u001f\\\\\"<>]/g, replacer) + '\"';","  }","","  /**","   * Maps chars to CSS escaped equivalents: \"\\n\" -> \"\\\\a \".","   * @private","   */","  function escapeCssStrChar(ch) {","    return cssStrChars[ch]","        || (cssStrChars[ch] = '\\\\' + ch.charCodeAt(0).toString(16) + ' ');","  }","","  /**","   * Maps chars to URI escaped equivalents: \"\\n\" -> \"%0a\".","   * @private","   */","  function escapeCssUrlChar(ch) {","    return cssUrlChars[ch]","        || (cssUrlChars[ch] = (ch < '\\x10' ? '%0' : '%')","            + ch.charCodeAt(0).toString(16));","  }","","  /**","   * Mapping of CSS special characters to escaped equivalents.","   * @private","   */","  var cssStrChars = {","    '\\\\': '\\\\\\\\'","  };","","  /**","   * Mapping of CSS special characters to URL-escaped equivalents.","   * @private","   */","  var cssUrlChars = {","    '\\\\': '%5c'","  };","","  // The comments below are copied from the CSS3 module syntax at","  // http://www.w3.org/TR/css3-syntax .","  // These string constants minify out when this is run-through closure","  // compiler.","  // Rules that have been adapted have comments prefixed with \"Diff:\", and","  // where rules have been combined to avoid back-tracking in the regex engine","  // or to work around limitations, there is a comment prefixed with","  // \"NewRule:\".","","  // In the below, we assume CRLF and CR have been normalize to CR.","","  // wc  ::=  #x9 | #xA | #xC | #xD | #x20","  var WC = '[\\\\t\\\\n\\\\f ]';","  // w  ::=  wc*","  var W = WC + '*';","  // nl  ::=  #xA | #xD #xA | #xD | #xC","  var NL = '[\\\\n\\\\f]';","  // nonascii  ::=  [#x80-#xD7FF#xE000-#xFFFD#x10000-#x10FFFF]","  // NewRule: Supplemental codepoints are represented as surrogate pairs in JS.","  var SURROGATE_PAIR = '[\\\\ud800-\\\\udbff][\\\\udc00-\\\\udfff]';","  var NONASCII = '[\\\\u0080-\\\\ud7ff\\\\ue000-\\\\ufffd]|' + SURROGATE_PAIR;","  // unicode  ::=  '\\' [0-9a-fA-F]{1,6} wc?","  // NewRule: No point in having ESCAPE do (\\\\x|\\\\y)","  var UNICODE_TAIL = '[0-9a-fA-F]{1,6}' + WC + '?';","  var UNICODE = '\\\\\\\\' + UNICODE_TAIL;","  // escape  ::=  unicode","  //           | '\\' [#x20-#x7E#x80-#xD7FF#xE000-#xFFFD#x10000-#x10FFFF]","  // NewRule: Below we use escape tail to efficiently match an escape or a","  // line continuation so we can decode string content.","  var ESCAPE_TAIL = '(?:' + UNICODE_TAIL","      + '|[\\\\u0020-\\\\u007e\\\\u0080-\\\\ud7ff\\\\ue000\\\\ufffd]|'","      + SURROGATE_PAIR + ')';","  var ESCAPE = '\\\\\\\\' + ESCAPE_TAIL;","  // urlchar  ::=  [#x9#x21#x23-#x26#x28-#x7E] | nonascii | escape","  var URLCHAR = '(?:[\\\\t\\\\x21\\\\x23-\\\\x26\\\\x28-\\\\x5b\\\\x5d-\\\\x7e]|'","      + NONASCII + '|' + ESCAPE + ')';","  // stringchar  ::= urlchar | #x20 | '\\' nl","  // We ignore mismatched surrogate pairs inside strings, so stringchar","  // simplifies to a non-(quote|newline|backslash) or backslash any.","  // Since we normalize CRLF to a single code-unit, there is no special","  // handling needed for '\\\\' + CRLF.","  var STRINGCHAR = '[^\\'\"\\\\n\\\\f\\\\\\\\]|\\\\\\\\[\\\\s\\\\S]';","  // string  ::=  '\"' (stringchar | \"'\")* '\"' | \"'\" (stringchar | '\"')* \"'\"","  var STRING = '\"(?:\\'|' + STRINGCHAR + ')*\"'","      + '|\\'(?:\\\"|' + STRINGCHAR + ')*\\'';","  // num  ::=  [0-9]+ | [0-9]* '.' [0-9]+","  // Diff: We attach signs to num tokens.","  var NUM = '[-+]?(?:[0-9]+(?:[.][0-9]+)?|[.][0-9]+)';","  // nmstart  ::=  [a-zA-Z] | '_' | nonascii | escape","  var NMSTART = '(?:[a-zA-Z_]|' + NONASCII + '|' + ESCAPE + ')';","  // nmchar  ::=  [a-zA-Z0-9] | '-' | '_' | nonascii | escape","  var NMCHAR = '(?:[a-zA-Z0-9_-]|' + NONASCII + '|' + ESCAPE + ')';","  // name  ::=  nmchar+","  var NAME = NMCHAR + '+';","  // ident  ::=  '-'? nmstart nmchar*","  var IDENT = '-?' + NMSTART + NMCHAR + '*';","","  // ATKEYWORD  ::=  '@' ident","  var ATKEYWORD = '@' + IDENT;","  // HASH  ::=  '#' name","  var HASH = '#' + NAME;","  // NUMBER  ::=  num","  var NUMBER = NUM;","","  // NewRule: union of IDENT, ATKEYWORD, HASH, but excluding #[0-9].","  var WORD_TERM = '(?:@?-?' + NMSTART + '|#)' + NMCHAR + '*';","","  // PERCENTAGE  ::=  num '%'","  var PERCENTAGE = NUM + '%';","  // DIMENSION  ::=  num ident","  var DIMENSION = NUM + IDENT;","  var NUMERIC_VALUE = NUM + '(?:%|' + IDENT + ')?';","  // URI  ::=  \"url(\" w (string | urlchar* ) w \")\"","  var URI = 'url[(]' + W + '(?:' + STRING + '|' + URLCHAR + '*)' + W + '[)]';","  // UNICODE-RANGE  ::=  \"U+\" [0-9A-F?]{1,6} ('-' [0-9A-F]{1,6})?","  var UNICODE_RANGE = 'U[+][0-9A-F?]{1,6}(?:-[0-9A-F]{1,6})?';","  // CDO  ::=  \"<!--\"","  var CDO = '<!--';","  // CDC  ::=  \"-->\"","  var CDC = '-->';","  // S  ::=  wc+","  var S = WC + '+';","  // COMMENT  ::=  \"/*\" [^*]* '*'+ ([^/] [^*]* '*'+)* \"/\"","  // Diff: recognizes // comments.","  var COMMENT = '/(?:[*][^*]*[*]+(?:[^/][^*]*[*]+)*/|/[^\\\\n\\\\f]*)';","  // FUNCTION  ::=  ident '('","  // Diff: We exclude url explicitly.","  // TODO: should we be tolerant of \"fn (\"?","  var FUNCTION = '(?!url[(])' + IDENT + '[(]';","  // INCLUDES  ::=  \"~=\"","  var INCLUDES = '~=';","  // DASHMATCH  ::=  \"|=\"","  var DASHMATCH = '[|]=';","  // PREFIXMATCH  ::=  \"^=\"","  var PREFIXMATCH = '[^]=';","  // SUFFIXMATCH  ::=  \"$=\"","  var SUFFIXMATCH = '[$]=';","  // SUBSTRINGMATCH  ::=  \"*=\"","  var SUBSTRINGMATCH = '[*]=';","  // NewRule: one rule for all the comparison operators.","  var CMP_OPS = '[~|^$*]=';","  // CHAR  ::=  any character not matched by the above rules, except for \" or '","  // Diff: We exclude / and \\ since they are handled above to prevent","  // /* without a following */ from combining when comments are concatenated.","  var CHAR = '[^\"\\'\\\\\\\\/]|/(?![/*])';","  // BOM  ::=  #xFEFF","  var BOM = '\\\\uFEFF';","","  var CSS_TOKEN = new RegExp([","      BOM, UNICODE_RANGE, URI, FUNCTION, WORD_TERM, STRING, NUMERIC_VALUE,","      CDO, CDC, S, COMMENT, CMP_OPS, CHAR].join(\"|\"), 'gi');","","  /**","   * Decodes CSS escape sequences in a CSS string body.","   */","   decodeCss = function (css) {","     return css.replace(","         new RegExp('\\\\\\\\(?:' + ESCAPE_TAIL + '|' + NL + ')', 'g'),","         decodeCssEscape);","   };","","  /**","   * Given CSS Text, returns an array of normalized tokens.","   * @param {string} cssText","   * @return {Array.<string>} tokens where all ignorable token sequences have","   *    been reduced to a single {@code \" \"} and all strings and","   *    {@code url(...)} tokens have been normalized to use double quotes as","   *    delimiters and to not otherwise contain double quotes.","   */","  lexCss = function (cssText) {","    cssText = '' + cssText;","    var tokens = cssText.replace(/\\r\\n?/g, '\\n')  // Normalize CRLF & CR to LF.","        .match(CSS_TOKEN) || [];","    var j = 0;","    var last = ' ';","    for (var i = 0, n = tokens.length; i < n; ++i) {","      // Normalize all escape sequences.  We will have to re-escape some","      // codepoints in string and url(...) bodies but we already know the","      // boundaries.","      // We might mistakenly treat a malformed identifier like \\22\\20\\22 as a","      // string, but that will not break any valid stylesheets since we requote","      // and re-escape in string below.","      var tok = decodeCss(tokens[i]);","      var len = tok.length;","      var cc = tok.charCodeAt(0);","      tok =","          // All strings should be double quoted, and the body should never","          // contain a double quote.","          (cc == '\"'.charCodeAt(0) || cc == '\\''.charCodeAt(0))","          ? escapeCssString(tok.substring(1, len - 1), escapeCssStrChar)","          // A breaking ignorable token should is replaced with a single space.","          : (cc == '/'.charCodeAt(0) && len > 1  // Comment.","             || tok == '\\\\' || tok == CDC || tok == CDO || tok == '\\ufeff'","             // Characters in W.","             || cc <= ' '.charCodeAt(0))","          ? ' '","          // Make sure that all url(...)s are double quoted.","          : /url\\(/i.test(tok)","          ? 'url(' + escapeCssString(","            tok.replace(","                new RegExp('^url\\\\(' + W + '[\"\\']?|[\"\\']?' + W + '\\\\)$', 'gi'),","                ''),","            escapeCssUrlChar)","            + ')'","          // Escapes in identifier like tokens will have been normalized above.","          : tok;","      // Merge adjacent space tokens.","      if (last != tok || tok != ' ') {","        tokens[j++] = last = tok;","      }","    }","    tokens.length = j;","    return tokens;","  };","})();","","module.exports = function(css) {","  var tokens = lexCss(css);","  var result = '', match;","  for(var i=0; i<tokens.length, token=tokens[i]; i++) {","    result += token;","  }","  // console.log(result, \"\\n\\n\");","  // console.log(result.split(/[{}]/));","  // var re = /{([^}]+)?}/g;","  // while(match = re.exec(result)) {","  //     console.log(\"\\n\\n\", match);","  // }","  return {};","};"],"l":{"22":1,"24":1,"31":1,"32":0,"37":0,"39":0,"43":0,"44":0,"45":0,"47":0,"49":0,"57":1,"58":0,"65":1,"66":0,"74":1,"75":0,"84":1,"92":1,"108":1,"110":1,"112":1,"115":1,"116":1,"119":1,"120":1,"125":1,"128":1,"130":1,"137":1,"139":1,"143":1,"145":1,"147":1,"149":1,"151":1,"154":1,"156":1,"158":1,"161":1,"164":1,"166":1,"167":1,"169":1,"171":1,"173":1,"175":1,"177":1,"180":1,"184":1,"186":1,"188":1,"190":1,"192":1,"194":1,"196":1,"200":1,"202":1,"204":1,"211":1,"212":0,"225":1,"226":0,"227":0,"229":0,"230":0,"231":0,"238":0,"239":0,"240":0,"241":0,"263":0,"264":0,"267":0,"268":0,"272":1,"273":0,"274":0,"275":0,"276":0,"284":0}},"/home/travis/build/npmtest/node-npmtest-absurd/node_modules/absurd/lib/helpers/Prefixes.js":{"path":"/home/travis/build/npmtest/node-npmtest-absurd/node_modules/absurd/lib/helpers/Prefixes.js","s":{"1":1,"2":0,"3":0,"4":0,"5":0,"6":0,"7":0,"8":0,"9":0,"10":0,"11":1,"12":0,"13":0,"14":0,"15":0,"16":0,"17":0,"18":0,"19":0,"20":0,"21":0,"22":0,"23":0,"24":0,"25":0,"26":0,"27":0,"28":0,"29":0},"b":{"1":[0,0],"2":[0,0],"3":[0,0],"4":[0,0],"5":[0,0],"6":[0,0],"7":[0,0],"8":[0,0],"9":[0,0],"10":[0,0],"11":[0,0],"12":[0,0],"13":[0,0],"14":[0,0],"15":[0,0],"16":[0,0]},"f":{"1":0,"2":0,"3":0},"fnMap":{"1":{"name":"(anonymous_1)","line":2,"loc":{"start":{"line":2,"column":20},"end":{"line":2,"column":35}}},"2":{"name":"(anonymous_2)","line":21,"loc":{"start":{"line":21,"column":14},"end":{"line":21,"column":34}}},"3":{"name":"(anonymous_3)","line":36,"loc":{"start":{"line":36,"column":16},"end":{"line":36,"column":31}}}},"statementMap":{"1":{"start":{"line":2,"column":0},"end":{"line":19,"column":1}},"2":{"start":{"line":3,"column":1},"end":{"line":3,"column":19}},"3":{"start":{"line":4,"column":1},"end":{"line":17,"column":2}},"4":{"start":{"line":5,"column":2},"end":{"line":11,"column":3}},"5":{"start":{"line":6,"column":3},"end":{"line":6,"column":50}},"6":{"start":{"line":7,"column":3},"end":{"line":7,"column":44}},"7":{"start":{"line":9,"column":3},"end":{"line":9,"column":26}},"8":{"start":{"line":10,"column":3},"end":{"line":10,"column":45}},"9":{"start":{"line":13,"column":2},"end":{"line":16,"column":3}},"10":{"start":{"line":18,"column":1},"end":{"line":18,"column":15}},"11":{"start":{"line":20,"column":0},"end":{"line":47,"column":1}},"12":{"start":{"line":22,"column":2},"end":{"line":22,"column":70}},"13":{"start":{"line":23,"column":2},"end":{"line":34,"column":3}},"14":{"start":{"line":24,"column":3},"end":{"line":24,"column":28}},"15":{"start":{"line":25,"column":3},"end":{"line":25,"column":23}},"16":{"start":{"line":26,"column":3},"end":{"line":27,"column":37}},"17":{"start":{"line":27,"column":4},"end":{"line":27,"column":37}},"18":{"start":{"line":28,"column":3},"end":{"line":29,"column":34}},"19":{"start":{"line":29,"column":4},"end":{"line":29,"column":34}},"20":{"start":{"line":30,"column":3},"end":{"line":31,"column":33}},"21":{"start":{"line":31,"column":4},"end":{"line":31,"column":33}},"22":{"start":{"line":32,"column":3},"end":{"line":33,"column":32}},"23":{"start":{"line":33,"column":4},"end":{"line":33,"column":32}},"24":{"start":{"line":37,"column":2},"end":{"line":37,"column":30}},"25":{"start":{"line":38,"column":2},"end":{"line":44,"column":3}},"26":{"start":{"line":39,"column":3},"end":{"line":43,"column":4}},"27":{"start":{"line":40,"column":4},"end":{"line":40,"column":19}},"28":{"start":{"line":42,"column":4},"end":{"line":42,"column":36}},"29":{"start":{"line":45,"column":2},"end":{"line":45,"column":11}}},"branchMap":{"1":{"line":4,"type":"if","locations":[{"start":{"line":4,"column":1},"end":{"line":4,"column":1}},{"start":{"line":4,"column":1},"end":{"line":4,"column":1}}]},"2":{"line":4,"type":"binary-expr","locations":[{"start":{"line":4,"column":5},"end":{"line":4,"column":68}},{"start":{"line":4,"column":73},"end":{"line":4,"column":109}}]},"3":{"line":4,"type":"binary-expr","locations":[{"start":{"line":4,"column":13},"end":{"line":4,"column":42}},{"start":{"line":4,"column":46},"end":{"line":4,"column":68}}]},"4":{"line":5,"type":"if","locations":[{"start":{"line":5,"column":2},"end":{"line":5,"column":2}},{"start":{"line":5,"column":2},"end":{"line":5,"column":2}}]},"5":{"line":5,"type":"binary-expr","locations":[{"start":{"line":5,"column":5},"end":{"line":5,"column":19}},{"start":{"line":5,"column":23},"end":{"line":5,"column":31}}]},"6":{"line":23,"type":"if","locations":[{"start":{"line":23,"column":2},"end":{"line":23,"column":2}},{"start":{"line":23,"column":2},"end":{"line":23,"column":2}}]},"7":{"line":26,"type":"if","locations":[{"start":{"line":26,"column":3},"end":{"line":26,"column":3}},{"start":{"line":26,"column":3},"end":{"line":26,"column":3}}]},"8":{"line":26,"type":"binary-expr","locations":[{"start":{"line":26,"column":6},"end":{"line":26,"column":21}},{"start":{"line":26,"column":25},"end":{"line":26,"column":51}}]},"9":{"line":28,"type":"if","locations":[{"start":{"line":28,"column":3},"end":{"line":28,"column":3}},{"start":{"line":28,"column":3},"end":{"line":28,"column":3}}]},"10":{"line":28,"type":"binary-expr","locations":[{"start":{"line":28,"column":6},"end":{"line":28,"column":21}},{"start":{"line":28,"column":25},"end":{"line":28,"column":51}}]},"11":{"line":30,"type":"if","locations":[{"start":{"line":30,"column":3},"end":{"line":30,"column":3}},{"start":{"line":30,"column":3},"end":{"line":30,"column":3}}]},"12":{"line":30,"type":"binary-expr","locations":[{"start":{"line":30,"column":6},"end":{"line":30,"column":21}},{"start":{"line":30,"column":25},"end":{"line":30,"column":51}}]},"13":{"line":32,"type":"if","locations":[{"start":{"line":32,"column":3},"end":{"line":32,"column":3}},{"start":{"line":32,"column":3},"end":{"line":32,"column":3}}]},"14":{"line":32,"type":"binary-expr","locations":[{"start":{"line":32,"column":6},"end":{"line":32,"column":21}},{"start":{"line":32,"column":25},"end":{"line":32,"column":51}}]},"15":{"line":38,"type":"if","locations":[{"start":{"line":38,"column":2},"end":{"line":38,"column":2}},{"start":{"line":38,"column":2},"end":{"line":38,"column":2}}]},"16":{"line":39,"type":"if","locations":[{"start":{"line":39,"column":3},"end":{"line":39,"column":3}},{"start":{"line":39,"column":3},"end":{"line":39,"column":3}}]}},"code":["// http://docs.emmet.io/css-abbreviations/vendor-prefixes/ (w: webkit, m: moz, s: ms, o: o)","var prefixExtract = function(prop) {","\tvar result, match;","\tif((match = prop.match(/^\\-(w|m|s|o)+\\-/) || prop.charAt(0) === '-') && !prop.match(/^\\-(webkit|moz|ms)+\\-/)) {","\t\tif(match !== null && match[0]) {","\t\t\tresult = { prefix: match[0].replace(/-/g, '') }","\t\t\tresult.prop = prop.replace(match[0], '');","\t\t} else {","\t\t\tresult = { prefix: '' }","\t\t\tresult.prop = prop.substr(1, prop.length);","\t\t}","\t} else {","\t\tresult = {","\t\t\tprefix: false,","\t\t\tprop: prop","\t\t}","\t}","\treturn result;","}","module.exports = {","\taddPrefixes: function(prop, obj) {","\t\tvar originalProp = prop, p = prefixExtract(prop), value = obj[prop];","\t\tif(p.prefix !== false) {","\t\t\tdelete obj[originalProp];","\t\t\tobj[p.prop] = value;","\t\t\tif(p.prefix === '' || p.prefix.indexOf('w') >= 0)","\t\t\t\tobj['-webkit-' + p.prop] = value;","\t\t\tif(p.prefix === '' || p.prefix.indexOf('m') >= 0)","\t\t\t\tobj['-moz-' + p.prop] = value;","\t\t\tif(p.prefix === '' || p.prefix.indexOf('s') >= 0)","\t\t\t\tobj['-ms-' + p.prop] = value;","\t\t\tif(p.prefix === '' || p.prefix.indexOf('o') >= 0)","\t\t\t\tobj['-o-' + p.prop] = value;","\t\t}","\t},","\tnonPrefixProp: function(prop) {","\t\tvar p = prefixExtract(prop);","\t\tif(p.prefix !== false) {","\t\t\tif(p.prefix == '') { ","\t\t\t\tp.prefix = '-';","\t\t\t} else {","\t\t\t\tp.prefix = '-' + p.prefix + '-'; ","\t\t\t}","\t\t}","\t\treturn p;","\t}","}"],"l":{"2":1,"3":0,"4":0,"5":0,"6":0,"7":0,"9":0,"10":0,"13":0,"18":0,"20":1,"22":0,"23":0,"24":0,"25":0,"26":0,"27":0,"28":0,"29":0,"30":0,"31":0,"32":0,"33":0,"37":0,"38":0,"39":0,"40":0,"42":0,"45":0}}}